Start testing: Mar 14 20:59 -03
----------------------------------------------------------
1/563 Testing: e1_aval_001
1/563 Test: e1_aval_001
Command: "/usr/bin/perl" "-I" "./tests/scripts" "./tests/scripts/tesh" "/Users/rubensrechjunior/Developer/pc/tests/e1/aval_001.tesh"
Directory: /Users/rubensrechjunior/Developer/pc/build
"e1_aval_001" start time: Mar 14 20:59 -03
Output:
----------------------------------------------------------
Test suite `/Users/rubensrechjunior/Developer/pc/tests/e1/aval_001'
[/Users/rubensrechjunior/Developer/pc/tests/e1/aval_001:3] ./main tests/e1/entrada_001
Test suite `/Users/rubensrechjunior/Developer/pc/tests/e1/aval_001' OK
<end of output>
Test time =   0.27 sec
----------------------------------------------------------
Test Passed.
"e1_aval_001" end time: Mar 14 20:59 -03
"e1_aval_001" time elapsed: 00:00:00
----------------------------------------------------------

2/563 Testing: e1_aval_002
2/563 Test: e1_aval_002
Command: "/usr/bin/perl" "-I" "./tests/scripts" "./tests/scripts/tesh" "/Users/rubensrechjunior/Developer/pc/tests/e1/aval_002.tesh"
Directory: /Users/rubensrechjunior/Developer/pc/build
"e1_aval_002" start time: Mar 14 20:59 -03
Output:
----------------------------------------------------------
Test suite `/Users/rubensrechjunior/Developer/pc/tests/e1/aval_002'
[/Users/rubensrechjunior/Developer/pc/tests/e1/aval_002:3] ./main tests/e1/entrada_002
Test suite `/Users/rubensrechjunior/Developer/pc/tests/e1/aval_002' OK
<end of output>
Test time =   0.21 sec
----------------------------------------------------------
Test Passed.
"e1_aval_002" end time: Mar 14 20:59 -03
"e1_aval_002" time elapsed: 00:00:00
----------------------------------------------------------

3/563 Testing: e1_aval_003
3/563 Test: e1_aval_003
Command: "/usr/bin/perl" "-I" "./tests/scripts" "./tests/scripts/tesh" "/Users/rubensrechjunior/Developer/pc/tests/e1/aval_003.tesh"
Directory: /Users/rubensrechjunior/Developer/pc/build
"e1_aval_003" start time: Mar 14 20:59 -03
Output:
----------------------------------------------------------
Test suite `/Users/rubensrechjunior/Developer/pc/tests/e1/aval_003'
[/Users/rubensrechjunior/Developer/pc/tests/e1/aval_003:3] ./main tests/e1/entrada_003
Test suite `/Users/rubensrechjunior/Developer/pc/tests/e1/aval_003' OK
<end of output>
Test time =   0.21 sec
----------------------------------------------------------
Test Passed.
"e1_aval_003" end time: Mar 14 20:59 -03
"e1_aval_003" time elapsed: 00:00:00
----------------------------------------------------------

4/563 Testing: e1_aval_004
4/563 Test: e1_aval_004
Command: "/usr/bin/perl" "-I" "./tests/scripts" "./tests/scripts/tesh" "/Users/rubensrechjunior/Developer/pc/tests/e1/aval_004.tesh"
Directory: /Users/rubensrechjunior/Developer/pc/build
"e1_aval_004" start time: Mar 14 20:59 -03
Output:
----------------------------------------------------------
Test suite `/Users/rubensrechjunior/Developer/pc/tests/e1/aval_004'
[/Users/rubensrechjunior/Developer/pc/tests/e1/aval_004:3] ./main tests/e1/entrada_004
Test suite `/Users/rubensrechjunior/Developer/pc/tests/e1/aval_004' OK
<end of output>
Test time =   0.21 sec
----------------------------------------------------------
Test Passed.
"e1_aval_004" end time: Mar 14 20:59 -03
"e1_aval_004" time elapsed: 00:00:00
----------------------------------------------------------

5/563 Testing: e1_aval_005
5/563 Test: e1_aval_005
Command: "/usr/bin/perl" "-I" "./tests/scripts" "./tests/scripts/tesh" "/Users/rubensrechjunior/Developer/pc/tests/e1/aval_005.tesh"
Directory: /Users/rubensrechjunior/Developer/pc/build
"e1_aval_005" start time: Mar 14 20:59 -03
Output:
----------------------------------------------------------
Test suite `/Users/rubensrechjunior/Developer/pc/tests/e1/aval_005'
[/Users/rubensrechjunior/Developer/pc/tests/e1/aval_005:3] ./main tests/e1/entrada_005
Test suite `/Users/rubensrechjunior/Developer/pc/tests/e1/aval_005' OK
<end of output>
Test time =   0.22 sec
----------------------------------------------------------
Test Passed.
"e1_aval_005" end time: Mar 14 20:59 -03
"e1_aval_005" time elapsed: 00:00:00
----------------------------------------------------------

6/563 Testing: e1_aval_006
6/563 Test: e1_aval_006
Command: "/usr/bin/perl" "-I" "./tests/scripts" "./tests/scripts/tesh" "/Users/rubensrechjunior/Developer/pc/tests/e1/aval_006.tesh"
Directory: /Users/rubensrechjunior/Developer/pc/build
"e1_aval_006" start time: Mar 14 20:59 -03
Output:
----------------------------------------------------------
Test suite `/Users/rubensrechjunior/Developer/pc/tests/e1/aval_006'
[/Users/rubensrechjunior/Developer/pc/tests/e1/aval_006:3] ./main tests/e1/entrada_006
Test suite `/Users/rubensrechjunior/Developer/pc/tests/e1/aval_006' OK
<end of output>
Test time =   0.22 sec
----------------------------------------------------------
Test Passed.
"e1_aval_006" end time: Mar 14 20:59 -03
"e1_aval_006" time elapsed: 00:00:00
----------------------------------------------------------

7/563 Testing: e1_aval_007
7/563 Test: e1_aval_007
Command: "/usr/bin/perl" "-I" "./tests/scripts" "./tests/scripts/tesh" "/Users/rubensrechjunior/Developer/pc/tests/e1/aval_007.tesh"
Directory: /Users/rubensrechjunior/Developer/pc/build
"e1_aval_007" start time: Mar 14 20:59 -03
Output:
----------------------------------------------------------
Test suite `/Users/rubensrechjunior/Developer/pc/tests/e1/aval_007'
[/Users/rubensrechjunior/Developer/pc/tests/e1/aval_007:3] ./main tests/e1/entrada_007
Test suite `/Users/rubensrechjunior/Developer/pc/tests/e1/aval_007' OK
<end of output>
Test time =   0.21 sec
----------------------------------------------------------
Test Passed.
"e1_aval_007" end time: Mar 14 20:59 -03
"e1_aval_007" time elapsed: 00:00:00
----------------------------------------------------------

8/563 Testing: e1_aval_008
8/563 Test: e1_aval_008
Command: "/usr/bin/perl" "-I" "./tests/scripts" "./tests/scripts/tesh" "/Users/rubensrechjunior/Developer/pc/tests/e1/aval_008.tesh"
Directory: /Users/rubensrechjunior/Developer/pc/build
"e1_aval_008" start time: Mar 14 20:59 -03
Output:
----------------------------------------------------------
Test suite `/Users/rubensrechjunior/Developer/pc/tests/e1/aval_008'
[/Users/rubensrechjunior/Developer/pc/tests/e1/aval_008:3] ./main tests/e1/entrada_008
Test suite `/Users/rubensrechjunior/Developer/pc/tests/e1/aval_008' OK
<end of output>
Test time =   0.21 sec
----------------------------------------------------------
Test Passed.
"e1_aval_008" end time: Mar 14 20:59 -03
"e1_aval_008" time elapsed: 00:00:00
----------------------------------------------------------

9/563 Testing: e1_aval_009
9/563 Test: e1_aval_009
Command: "/usr/bin/perl" "-I" "./tests/scripts" "./tests/scripts/tesh" "/Users/rubensrechjunior/Developer/pc/tests/e1/aval_009.tesh"
Directory: /Users/rubensrechjunior/Developer/pc/build
"e1_aval_009" start time: Mar 14 20:59 -03
Output:
----------------------------------------------------------
Test suite `/Users/rubensrechjunior/Developer/pc/tests/e1/aval_009'
[/Users/rubensrechjunior/Developer/pc/tests/e1/aval_009:3] ./main tests/e1/entrada_009
Test suite `/Users/rubensrechjunior/Developer/pc/tests/e1/aval_009' OK
<end of output>
Test time =   0.21 sec
----------------------------------------------------------
Test Passed.
"e1_aval_009" end time: Mar 14 20:59 -03
"e1_aval_009" time elapsed: 00:00:00
----------------------------------------------------------

10/563 Testing: e1_aval_010
10/563 Test: e1_aval_010
Command: "/usr/bin/perl" "-I" "./tests/scripts" "./tests/scripts/tesh" "/Users/rubensrechjunior/Developer/pc/tests/e1/aval_010.tesh"
Directory: /Users/rubensrechjunior/Developer/pc/build
"e1_aval_010" start time: Mar 14 20:59 -03
Output:
----------------------------------------------------------
Test suite `/Users/rubensrechjunior/Developer/pc/tests/e1/aval_010'
[/Users/rubensrechjunior/Developer/pc/tests/e1/aval_010:3] ./main tests/e1/entrada_010
Test suite `/Users/rubensrechjunior/Developer/pc/tests/e1/aval_010' OK
<end of output>
Test time =   0.20 sec
----------------------------------------------------------
Test Passed.
"e1_aval_010" end time: Mar 14 20:59 -03
"e1_aval_010" time elapsed: 00:00:00
----------------------------------------------------------

11/563 Testing: e1_aval_011
11/563 Test: e1_aval_011
Command: "/usr/bin/perl" "-I" "./tests/scripts" "./tests/scripts/tesh" "/Users/rubensrechjunior/Developer/pc/tests/e1/aval_011.tesh"
Directory: /Users/rubensrechjunior/Developer/pc/build
"e1_aval_011" start time: Mar 14 20:59 -03
Output:
----------------------------------------------------------
Test suite `/Users/rubensrechjunior/Developer/pc/tests/e1/aval_011'
[/Users/rubensrechjunior/Developer/pc/tests/e1/aval_011:3] ./main tests/e1/entrada_011
Test suite `/Users/rubensrechjunior/Developer/pc/tests/e1/aval_011' OK
<end of output>
Test time =   0.21 sec
----------------------------------------------------------
Test Passed.
"e1_aval_011" end time: Mar 14 20:59 -03
"e1_aval_011" time elapsed: 00:00:00
----------------------------------------------------------

12/563 Testing: e1_aval_012
12/563 Test: e1_aval_012
Command: "/usr/bin/perl" "-I" "./tests/scripts" "./tests/scripts/tesh" "/Users/rubensrechjunior/Developer/pc/tests/e1/aval_012.tesh"
Directory: /Users/rubensrechjunior/Developer/pc/build
"e1_aval_012" start time: Mar 14 20:59 -03
Output:
----------------------------------------------------------
Test suite `/Users/rubensrechjunior/Developer/pc/tests/e1/aval_012'
[/Users/rubensrechjunior/Developer/pc/tests/e1/aval_012:3] ./main tests/e1/entrada_012
Test suite `/Users/rubensrechjunior/Developer/pc/tests/e1/aval_012' OK
<end of output>
Test time =   0.21 sec
----------------------------------------------------------
Test Passed.
"e1_aval_012" end time: Mar 14 20:59 -03
"e1_aval_012" time elapsed: 00:00:00
----------------------------------------------------------

13/563 Testing: e1_aval_013
13/563 Test: e1_aval_013
Command: "/usr/bin/perl" "-I" "./tests/scripts" "./tests/scripts/tesh" "/Users/rubensrechjunior/Developer/pc/tests/e1/aval_013.tesh"
Directory: /Users/rubensrechjunior/Developer/pc/build
"e1_aval_013" start time: Mar 14 20:59 -03
Output:
----------------------------------------------------------
Test suite `/Users/rubensrechjunior/Developer/pc/tests/e1/aval_013'
[/Users/rubensrechjunior/Developer/pc/tests/e1/aval_013:3] ./main tests/e1/entrada_013
Test suite `/Users/rubensrechjunior/Developer/pc/tests/e1/aval_013' OK
<end of output>
Test time =   0.21 sec
----------------------------------------------------------
Test Passed.
"e1_aval_013" end time: Mar 14 20:59 -03
"e1_aval_013" time elapsed: 00:00:00
----------------------------------------------------------

14/563 Testing: e1_aval_014
14/563 Test: e1_aval_014
Command: "/usr/bin/perl" "-I" "./tests/scripts" "./tests/scripts/tesh" "/Users/rubensrechjunior/Developer/pc/tests/e1/aval_014.tesh"
Directory: /Users/rubensrechjunior/Developer/pc/build
"e1_aval_014" start time: Mar 14 20:59 -03
Output:
----------------------------------------------------------
Test suite `/Users/rubensrechjunior/Developer/pc/tests/e1/aval_014'
[/Users/rubensrechjunior/Developer/pc/tests/e1/aval_014:3] ./main tests/e1/entrada_014
Test suite `/Users/rubensrechjunior/Developer/pc/tests/e1/aval_014' OK
<end of output>
Test time =   0.21 sec
----------------------------------------------------------
Test Passed.
"e1_aval_014" end time: Mar 14 20:59 -03
"e1_aval_014" time elapsed: 00:00:00
----------------------------------------------------------

15/563 Testing: e1_aval_015
15/563 Test: e1_aval_015
Command: "/usr/bin/perl" "-I" "./tests/scripts" "./tests/scripts/tesh" "/Users/rubensrechjunior/Developer/pc/tests/e1/aval_015.tesh"
Directory: /Users/rubensrechjunior/Developer/pc/build
"e1_aval_015" start time: Mar 14 20:59 -03
Output:
----------------------------------------------------------
Test suite `/Users/rubensrechjunior/Developer/pc/tests/e1/aval_015'
[/Users/rubensrechjunior/Developer/pc/tests/e1/aval_015:3] ./main tests/e1/entrada_015
Test suite `/Users/rubensrechjunior/Developer/pc/tests/e1/aval_015' OK
<end of output>
Test time =   0.21 sec
----------------------------------------------------------
Test Passed.
"e1_aval_015" end time: Mar 14 20:59 -03
"e1_aval_015" time elapsed: 00:00:00
----------------------------------------------------------

16/563 Testing: e1_aval_016
16/563 Test: e1_aval_016
Command: "/usr/bin/perl" "-I" "./tests/scripts" "./tests/scripts/tesh" "/Users/rubensrechjunior/Developer/pc/tests/e1/aval_016.tesh"
Directory: /Users/rubensrechjunior/Developer/pc/build
"e1_aval_016" start time: Mar 14 20:59 -03
Output:
----------------------------------------------------------
Test suite `/Users/rubensrechjunior/Developer/pc/tests/e1/aval_016'
[/Users/rubensrechjunior/Developer/pc/tests/e1/aval_016:3] ./main tests/e1/entrada_016
Test suite `/Users/rubensrechjunior/Developer/pc/tests/e1/aval_016' OK
<end of output>
Test time =   0.22 sec
----------------------------------------------------------
Test Passed.
"e1_aval_016" end time: Mar 14 20:59 -03
"e1_aval_016" time elapsed: 00:00:00
----------------------------------------------------------

17/563 Testing: e1_aval_017
17/563 Test: e1_aval_017
Command: "/usr/bin/perl" "-I" "./tests/scripts" "./tests/scripts/tesh" "/Users/rubensrechjunior/Developer/pc/tests/e1/aval_017.tesh"
Directory: /Users/rubensrechjunior/Developer/pc/build
"e1_aval_017" start time: Mar 14 20:59 -03
Output:
----------------------------------------------------------
Test suite `/Users/rubensrechjunior/Developer/pc/tests/e1/aval_017'
[/Users/rubensrechjunior/Developer/pc/tests/e1/aval_017:3] ./main tests/e1/entrada_017
Test suite `/Users/rubensrechjunior/Developer/pc/tests/e1/aval_017' OK
<end of output>
Test time =   0.22 sec
----------------------------------------------------------
Test Passed.
"e1_aval_017" end time: Mar 14 20:59 -03
"e1_aval_017" time elapsed: 00:00:00
----------------------------------------------------------

18/563 Testing: e1_aval_018
18/563 Test: e1_aval_018
Command: "/usr/bin/perl" "-I" "./tests/scripts" "./tests/scripts/tesh" "/Users/rubensrechjunior/Developer/pc/tests/e1/aval_018.tesh"
Directory: /Users/rubensrechjunior/Developer/pc/build
"e1_aval_018" start time: Mar 14 20:59 -03
Output:
----------------------------------------------------------
Test suite `/Users/rubensrechjunior/Developer/pc/tests/e1/aval_018'
[/Users/rubensrechjunior/Developer/pc/tests/e1/aval_018:3] ./main tests/e1/entrada_018
Test suite `/Users/rubensrechjunior/Developer/pc/tests/e1/aval_018' OK
<end of output>
Test time =   0.22 sec
----------------------------------------------------------
Test Passed.
"e1_aval_018" end time: Mar 14 20:59 -03
"e1_aval_018" time elapsed: 00:00:00
----------------------------------------------------------

19/563 Testing: e1_aval_019
19/563 Test: e1_aval_019
Command: "/usr/bin/perl" "-I" "./tests/scripts" "./tests/scripts/tesh" "/Users/rubensrechjunior/Developer/pc/tests/e1/aval_019.tesh"
Directory: /Users/rubensrechjunior/Developer/pc/build
"e1_aval_019" start time: Mar 14 20:59 -03
Output:
----------------------------------------------------------
Test suite `/Users/rubensrechjunior/Developer/pc/tests/e1/aval_019'
[/Users/rubensrechjunior/Developer/pc/tests/e1/aval_019:3] ./main tests/e1/entrada_019
Test suite `/Users/rubensrechjunior/Developer/pc/tests/e1/aval_019' OK
<end of output>
Test time =   0.23 sec
----------------------------------------------------------
Test Passed.
"e1_aval_019" end time: Mar 14 20:59 -03
"e1_aval_019" time elapsed: 00:00:00
----------------------------------------------------------

20/563 Testing: e1_aval_020
20/563 Test: e1_aval_020
Command: "/usr/bin/perl" "-I" "./tests/scripts" "./tests/scripts/tesh" "/Users/rubensrechjunior/Developer/pc/tests/e1/aval_020.tesh"
Directory: /Users/rubensrechjunior/Developer/pc/build
"e1_aval_020" start time: Mar 14 20:59 -03
Output:
----------------------------------------------------------
Test suite `/Users/rubensrechjunior/Developer/pc/tests/e1/aval_020'
[/Users/rubensrechjunior/Developer/pc/tests/e1/aval_020:3] ./main tests/e1/entrada_020
Test suite `/Users/rubensrechjunior/Developer/pc/tests/e1/aval_020' OK
<end of output>
Test time =   0.22 sec
----------------------------------------------------------
Test Passed.
"e1_aval_020" end time: Mar 14 20:59 -03
"e1_aval_020" time elapsed: 00:00:00
----------------------------------------------------------

21/563 Testing: e1_aval_021
21/563 Test: e1_aval_021
Command: "/usr/bin/perl" "-I" "./tests/scripts" "./tests/scripts/tesh" "/Users/rubensrechjunior/Developer/pc/tests/e1/aval_021.tesh"
Directory: /Users/rubensrechjunior/Developer/pc/build
"e1_aval_021" start time: Mar 14 20:59 -03
Output:
----------------------------------------------------------
Test suite `/Users/rubensrechjunior/Developer/pc/tests/e1/aval_021'
[/Users/rubensrechjunior/Developer/pc/tests/e1/aval_021:3] ./main tests/e1/entrada_021
Test suite `/Users/rubensrechjunior/Developer/pc/tests/e1/aval_021' OK
<end of output>
Test time =   0.21 sec
----------------------------------------------------------
Test Passed.
"e1_aval_021" end time: Mar 14 20:59 -03
"e1_aval_021" time elapsed: 00:00:00
----------------------------------------------------------

22/563 Testing: e1_aval_022
22/563 Test: e1_aval_022
Command: "/usr/bin/perl" "-I" "./tests/scripts" "./tests/scripts/tesh" "/Users/rubensrechjunior/Developer/pc/tests/e1/aval_022.tesh"
Directory: /Users/rubensrechjunior/Developer/pc/build
"e1_aval_022" start time: Mar 14 20:59 -03
Output:
----------------------------------------------------------
Test suite `/Users/rubensrechjunior/Developer/pc/tests/e1/aval_022'
[/Users/rubensrechjunior/Developer/pc/tests/e1/aval_022:3] ./main tests/e1/entrada_022
Test suite `/Users/rubensrechjunior/Developer/pc/tests/e1/aval_022' OK
<end of output>
Test time =   0.22 sec
----------------------------------------------------------
Test Passed.
"e1_aval_022" end time: Mar 14 20:59 -03
"e1_aval_022" time elapsed: 00:00:00
----------------------------------------------------------

23/563 Testing: e1_aval_023
23/563 Test: e1_aval_023
Command: "/usr/bin/perl" "-I" "./tests/scripts" "./tests/scripts/tesh" "/Users/rubensrechjunior/Developer/pc/tests/e1/aval_023.tesh"
Directory: /Users/rubensrechjunior/Developer/pc/build
"e1_aval_023" start time: Mar 14 20:59 -03
Output:
----------------------------------------------------------
Test suite `/Users/rubensrechjunior/Developer/pc/tests/e1/aval_023'
[/Users/rubensrechjunior/Developer/pc/tests/e1/aval_023:3] ./main tests/e1/entrada_023
Test suite `/Users/rubensrechjunior/Developer/pc/tests/e1/aval_023' OK
<end of output>
Test time =   0.21 sec
----------------------------------------------------------
Test Passed.
"e1_aval_023" end time: Mar 14 20:59 -03
"e1_aval_023" time elapsed: 00:00:00
----------------------------------------------------------

24/563 Testing: e1_aval_024
24/563 Test: e1_aval_024
Command: "/usr/bin/perl" "-I" "./tests/scripts" "./tests/scripts/tesh" "/Users/rubensrechjunior/Developer/pc/tests/e1/aval_024.tesh"
Directory: /Users/rubensrechjunior/Developer/pc/build
"e1_aval_024" start time: Mar 14 20:59 -03
Output:
----------------------------------------------------------
Test suite `/Users/rubensrechjunior/Developer/pc/tests/e1/aval_024'
[/Users/rubensrechjunior/Developer/pc/tests/e1/aval_024:3] ./main tests/e1/entrada_024
Test suite `/Users/rubensrechjunior/Developer/pc/tests/e1/aval_024' OK
<end of output>
Test time =   0.21 sec
----------------------------------------------------------
Test Passed.
"e1_aval_024" end time: Mar 14 20:59 -03
"e1_aval_024" time elapsed: 00:00:00
----------------------------------------------------------

25/563 Testing: e1_aval_025
25/563 Test: e1_aval_025
Command: "/usr/bin/perl" "-I" "./tests/scripts" "./tests/scripts/tesh" "/Users/rubensrechjunior/Developer/pc/tests/e1/aval_025.tesh"
Directory: /Users/rubensrechjunior/Developer/pc/build
"e1_aval_025" start time: Mar 14 20:59 -03
Output:
----------------------------------------------------------
Test suite `/Users/rubensrechjunior/Developer/pc/tests/e1/aval_025'
[/Users/rubensrechjunior/Developer/pc/tests/e1/aval_025:3] ./main tests/e1/entrada_025
Test suite `/Users/rubensrechjunior/Developer/pc/tests/e1/aval_025' OK
<end of output>
Test time =   0.22 sec
----------------------------------------------------------
Test Passed.
"e1_aval_025" end time: Mar 14 20:59 -03
"e1_aval_025" time elapsed: 00:00:00
----------------------------------------------------------

26/563 Testing: e1_aval_026
26/563 Test: e1_aval_026
Command: "/usr/bin/perl" "-I" "./tests/scripts" "./tests/scripts/tesh" "/Users/rubensrechjunior/Developer/pc/tests/e1/aval_026.tesh"
Directory: /Users/rubensrechjunior/Developer/pc/build
"e1_aval_026" start time: Mar 14 20:59 -03
Output:
----------------------------------------------------------
Test suite `/Users/rubensrechjunior/Developer/pc/tests/e1/aval_026'
[/Users/rubensrechjunior/Developer/pc/tests/e1/aval_026:3] ./main tests/e1/entrada_026
Test suite `/Users/rubensrechjunior/Developer/pc/tests/e1/aval_026' OK
<end of output>
Test time =   0.21 sec
----------------------------------------------------------
Test Passed.
"e1_aval_026" end time: Mar 14 20:59 -03
"e1_aval_026" time elapsed: 00:00:00
----------------------------------------------------------

27/563 Testing: e1_aval_027
27/563 Test: e1_aval_027
Command: "/usr/bin/perl" "-I" "./tests/scripts" "./tests/scripts/tesh" "/Users/rubensrechjunior/Developer/pc/tests/e1/aval_027.tesh"
Directory: /Users/rubensrechjunior/Developer/pc/build
"e1_aval_027" start time: Mar 14 20:59 -03
Output:
----------------------------------------------------------
Test suite `/Users/rubensrechjunior/Developer/pc/tests/e1/aval_027'
[/Users/rubensrechjunior/Developer/pc/tests/e1/aval_027:3] ./main tests/e1/entrada_027
Test suite `/Users/rubensrechjunior/Developer/pc/tests/e1/aval_027' OK
<end of output>
Test time =   0.21 sec
----------------------------------------------------------
Test Passed.
"e1_aval_027" end time: Mar 14 20:59 -03
"e1_aval_027" time elapsed: 00:00:00
----------------------------------------------------------

28/563 Testing: e1_aval_028
28/563 Test: e1_aval_028
Command: "/usr/bin/perl" "-I" "./tests/scripts" "./tests/scripts/tesh" "/Users/rubensrechjunior/Developer/pc/tests/e1/aval_028.tesh"
Directory: /Users/rubensrechjunior/Developer/pc/build
"e1_aval_028" start time: Mar 14 20:59 -03
Output:
----------------------------------------------------------
Test suite `/Users/rubensrechjunior/Developer/pc/tests/e1/aval_028'
[/Users/rubensrechjunior/Developer/pc/tests/e1/aval_028:3] ./main tests/e1/entrada_028
Test suite `/Users/rubensrechjunior/Developer/pc/tests/e1/aval_028' OK
<end of output>
Test time =   0.22 sec
----------------------------------------------------------
Test Passed.
"e1_aval_028" end time: Mar 14 20:59 -03
"e1_aval_028" time elapsed: 00:00:00
----------------------------------------------------------

29/563 Testing: e1_aval_029
29/563 Test: e1_aval_029
Command: "/usr/bin/perl" "-I" "./tests/scripts" "./tests/scripts/tesh" "/Users/rubensrechjunior/Developer/pc/tests/e1/aval_029.tesh"
Directory: /Users/rubensrechjunior/Developer/pc/build
"e1_aval_029" start time: Mar 14 20:59 -03
Output:
----------------------------------------------------------
Test suite `/Users/rubensrechjunior/Developer/pc/tests/e1/aval_029'
[/Users/rubensrechjunior/Developer/pc/tests/e1/aval_029:3] ./main tests/e1/entrada_029
Test suite `/Users/rubensrechjunior/Developer/pc/tests/e1/aval_029' OK
<end of output>
Test time =   0.22 sec
----------------------------------------------------------
Test Passed.
"e1_aval_029" end time: Mar 14 20:59 -03
"e1_aval_029" time elapsed: 00:00:00
----------------------------------------------------------

30/563 Testing: e1_aval_030
30/563 Test: e1_aval_030
Command: "/usr/bin/perl" "-I" "./tests/scripts" "./tests/scripts/tesh" "/Users/rubensrechjunior/Developer/pc/tests/e1/aval_030.tesh"
Directory: /Users/rubensrechjunior/Developer/pc/build
"e1_aval_030" start time: Mar 14 20:59 -03
Output:
----------------------------------------------------------
Test suite `/Users/rubensrechjunior/Developer/pc/tests/e1/aval_030'
[/Users/rubensrechjunior/Developer/pc/tests/e1/aval_030:3] ./main tests/e1/entrada_030
Test suite `/Users/rubensrechjunior/Developer/pc/tests/e1/aval_030' OK
<end of output>
Test time =   0.21 sec
----------------------------------------------------------
Test Passed.
"e1_aval_030" end time: Mar 14 20:59 -03
"e1_aval_030" time elapsed: 00:00:00
----------------------------------------------------------

31/563 Testing: e1_aval_031
31/563 Test: e1_aval_031
Command: "/usr/bin/perl" "-I" "./tests/scripts" "./tests/scripts/tesh" "/Users/rubensrechjunior/Developer/pc/tests/e1/aval_031.tesh"
Directory: /Users/rubensrechjunior/Developer/pc/build
"e1_aval_031" start time: Mar 14 20:59 -03
Output:
----------------------------------------------------------
Test suite `/Users/rubensrechjunior/Developer/pc/tests/e1/aval_031'
[/Users/rubensrechjunior/Developer/pc/tests/e1/aval_031:3] ./main tests/e1/entrada_031
Test suite `/Users/rubensrechjunior/Developer/pc/tests/e1/aval_031' OK
<end of output>
Test time =   0.22 sec
----------------------------------------------------------
Test Passed.
"e1_aval_031" end time: Mar 14 20:59 -03
"e1_aval_031" time elapsed: 00:00:00
----------------------------------------------------------

32/563 Testing: e1_aval_032
32/563 Test: e1_aval_032
Command: "/usr/bin/perl" "-I" "./tests/scripts" "./tests/scripts/tesh" "/Users/rubensrechjunior/Developer/pc/tests/e1/aval_032.tesh"
Directory: /Users/rubensrechjunior/Developer/pc/build
"e1_aval_032" start time: Mar 14 20:59 -03
Output:
----------------------------------------------------------
Test suite `/Users/rubensrechjunior/Developer/pc/tests/e1/aval_032'
[/Users/rubensrechjunior/Developer/pc/tests/e1/aval_032:3] ./main tests/e1/entrada_032
Test suite `/Users/rubensrechjunior/Developer/pc/tests/e1/aval_032' OK
<end of output>
Test time =   0.20 sec
----------------------------------------------------------
Test Passed.
"e1_aval_032" end time: Mar 14 20:59 -03
"e1_aval_032" time elapsed: 00:00:00
----------------------------------------------------------

33/563 Testing: e1_aval_033
33/563 Test: e1_aval_033
Command: "/usr/bin/perl" "-I" "./tests/scripts" "./tests/scripts/tesh" "/Users/rubensrechjunior/Developer/pc/tests/e1/aval_033.tesh"
Directory: /Users/rubensrechjunior/Developer/pc/build
"e1_aval_033" start time: Mar 14 20:59 -03
Output:
----------------------------------------------------------
Test suite `/Users/rubensrechjunior/Developer/pc/tests/e1/aval_033'
[/Users/rubensrechjunior/Developer/pc/tests/e1/aval_033:3] ./main tests/e1/entrada_033
Test suite `/Users/rubensrechjunior/Developer/pc/tests/e1/aval_033' OK
<end of output>
Test time =   0.22 sec
----------------------------------------------------------
Test Passed.
"e1_aval_033" end time: Mar 14 20:59 -03
"e1_aval_033" time elapsed: 00:00:00
----------------------------------------------------------

34/563 Testing: e1_aval_034
34/563 Test: e1_aval_034
Command: "/usr/bin/perl" "-I" "./tests/scripts" "./tests/scripts/tesh" "/Users/rubensrechjunior/Developer/pc/tests/e1/aval_034.tesh"
Directory: /Users/rubensrechjunior/Developer/pc/build
"e1_aval_034" start time: Mar 14 20:59 -03
Output:
----------------------------------------------------------
Test suite `/Users/rubensrechjunior/Developer/pc/tests/e1/aval_034'
[/Users/rubensrechjunior/Developer/pc/tests/e1/aval_034:3] ./main tests/e1/entrada_034
Test suite `/Users/rubensrechjunior/Developer/pc/tests/e1/aval_034' OK
<end of output>
Test time =   0.21 sec
----------------------------------------------------------
Test Passed.
"e1_aval_034" end time: Mar 14 20:59 -03
"e1_aval_034" time elapsed: 00:00:00
----------------------------------------------------------

35/563 Testing: e1_aval_035
35/563 Test: e1_aval_035
Command: "/usr/bin/perl" "-I" "./tests/scripts" "./tests/scripts/tesh" "/Users/rubensrechjunior/Developer/pc/tests/e1/aval_035.tesh"
Directory: /Users/rubensrechjunior/Developer/pc/build
"e1_aval_035" start time: Mar 14 20:59 -03
Output:
----------------------------------------------------------
Test suite `/Users/rubensrechjunior/Developer/pc/tests/e1/aval_035'
[/Users/rubensrechjunior/Developer/pc/tests/e1/aval_035:3] ./main tests/e1/entrada_035
Test suite `/Users/rubensrechjunior/Developer/pc/tests/e1/aval_035' OK
<end of output>
Test time =   0.21 sec
----------------------------------------------------------
Test Passed.
"e1_aval_035" end time: Mar 14 20:59 -03
"e1_aval_035" time elapsed: 00:00:00
----------------------------------------------------------

36/563 Testing: e1_aval_036
36/563 Test: e1_aval_036
Command: "/usr/bin/perl" "-I" "./tests/scripts" "./tests/scripts/tesh" "/Users/rubensrechjunior/Developer/pc/tests/e1/aval_036.tesh"
Directory: /Users/rubensrechjunior/Developer/pc/build
"e1_aval_036" start time: Mar 14 20:59 -03
Output:
----------------------------------------------------------
Test suite `/Users/rubensrechjunior/Developer/pc/tests/e1/aval_036'
[/Users/rubensrechjunior/Developer/pc/tests/e1/aval_036:3] ./main tests/e1/entrada_036
Test suite `/Users/rubensrechjunior/Developer/pc/tests/e1/aval_036' OK
<end of output>
Test time =   0.21 sec
----------------------------------------------------------
Test Passed.
"e1_aval_036" end time: Mar 14 20:59 -03
"e1_aval_036" time elapsed: 00:00:00
----------------------------------------------------------

37/563 Testing: e1_aval_037
37/563 Test: e1_aval_037
Command: "/usr/bin/perl" "-I" "./tests/scripts" "./tests/scripts/tesh" "/Users/rubensrechjunior/Developer/pc/tests/e1/aval_037.tesh"
Directory: /Users/rubensrechjunior/Developer/pc/build
"e1_aval_037" start time: Mar 14 20:59 -03
Output:
----------------------------------------------------------
Test suite `/Users/rubensrechjunior/Developer/pc/tests/e1/aval_037'
[/Users/rubensrechjunior/Developer/pc/tests/e1/aval_037:3] ./main tests/e1/entrada_037
Test suite `/Users/rubensrechjunior/Developer/pc/tests/e1/aval_037' OK
<end of output>
Test time =   0.21 sec
----------------------------------------------------------
Test Passed.
"e1_aval_037" end time: Mar 14 20:59 -03
"e1_aval_037" time elapsed: 00:00:00
----------------------------------------------------------

38/563 Testing: e1_aval_038
38/563 Test: e1_aval_038
Command: "/usr/bin/perl" "-I" "./tests/scripts" "./tests/scripts/tesh" "/Users/rubensrechjunior/Developer/pc/tests/e1/aval_038.tesh"
Directory: /Users/rubensrechjunior/Developer/pc/build
"e1_aval_038" start time: Mar 14 20:59 -03
Output:
----------------------------------------------------------
Test suite `/Users/rubensrechjunior/Developer/pc/tests/e1/aval_038'
[/Users/rubensrechjunior/Developer/pc/tests/e1/aval_038:3] ./main tests/e1/entrada_038
Test suite `/Users/rubensrechjunior/Developer/pc/tests/e1/aval_038' OK
<end of output>
Test time =   0.22 sec
----------------------------------------------------------
Test Passed.
"e1_aval_038" end time: Mar 14 20:59 -03
"e1_aval_038" time elapsed: 00:00:00
----------------------------------------------------------

39/563 Testing: e1_aval_039
39/563 Test: e1_aval_039
Command: "/usr/bin/perl" "-I" "./tests/scripts" "./tests/scripts/tesh" "/Users/rubensrechjunior/Developer/pc/tests/e1/aval_039.tesh"
Directory: /Users/rubensrechjunior/Developer/pc/build
"e1_aval_039" start time: Mar 14 20:59 -03
Output:
----------------------------------------------------------
Test suite `/Users/rubensrechjunior/Developer/pc/tests/e1/aval_039'
[/Users/rubensrechjunior/Developer/pc/tests/e1/aval_039:3] ./main tests/e1/entrada_039
Test suite `/Users/rubensrechjunior/Developer/pc/tests/e1/aval_039' OK
<end of output>
Test time =   0.21 sec
----------------------------------------------------------
Test Passed.
"e1_aval_039" end time: Mar 14 20:59 -03
"e1_aval_039" time elapsed: 00:00:00
----------------------------------------------------------

40/563 Testing: e1_aval_040
40/563 Test: e1_aval_040
Command: "/usr/bin/perl" "-I" "./tests/scripts" "./tests/scripts/tesh" "/Users/rubensrechjunior/Developer/pc/tests/e1/aval_040.tesh"
Directory: /Users/rubensrechjunior/Developer/pc/build
"e1_aval_040" start time: Mar 14 20:59 -03
Output:
----------------------------------------------------------
Test suite `/Users/rubensrechjunior/Developer/pc/tests/e1/aval_040'
[/Users/rubensrechjunior/Developer/pc/tests/e1/aval_040:3] ./main tests/e1/entrada_040
Test suite `/Users/rubensrechjunior/Developer/pc/tests/e1/aval_040' OK
<end of output>
Test time =   0.21 sec
----------------------------------------------------------
Test Passed.
"e1_aval_040" end time: Mar 14 20:59 -03
"e1_aval_040" time elapsed: 00:00:00
----------------------------------------------------------

41/563 Testing: e1_aval_041
41/563 Test: e1_aval_041
Command: "/usr/bin/perl" "-I" "./tests/scripts" "./tests/scripts/tesh" "/Users/rubensrechjunior/Developer/pc/tests/e1/aval_041.tesh"
Directory: /Users/rubensrechjunior/Developer/pc/build
"e1_aval_041" start time: Mar 14 20:59 -03
Output:
----------------------------------------------------------
Test suite `/Users/rubensrechjunior/Developer/pc/tests/e1/aval_041'
[/Users/rubensrechjunior/Developer/pc/tests/e1/aval_041:3] ./main tests/e1/entrada_041
Test suite `/Users/rubensrechjunior/Developer/pc/tests/e1/aval_041' OK
<end of output>
Test time =   0.21 sec
----------------------------------------------------------
Test Passed.
"e1_aval_041" end time: Mar 14 20:59 -03
"e1_aval_041" time elapsed: 00:00:00
----------------------------------------------------------

42/563 Testing: e1_aval_042
42/563 Test: e1_aval_042
Command: "/usr/bin/perl" "-I" "./tests/scripts" "./tests/scripts/tesh" "/Users/rubensrechjunior/Developer/pc/tests/e1/aval_042.tesh"
Directory: /Users/rubensrechjunior/Developer/pc/build
"e1_aval_042" start time: Mar 14 20:59 -03
Output:
----------------------------------------------------------
Test suite `/Users/rubensrechjunior/Developer/pc/tests/e1/aval_042'
[/Users/rubensrechjunior/Developer/pc/tests/e1/aval_042:3] ./main tests/e1/entrada_042
Test suite `/Users/rubensrechjunior/Developer/pc/tests/e1/aval_042' OK
<end of output>
Test time =   0.21 sec
----------------------------------------------------------
Test Passed.
"e1_aval_042" end time: Mar 14 20:59 -03
"e1_aval_042" time elapsed: 00:00:00
----------------------------------------------------------

43/563 Testing: e1_aval_043
43/563 Test: e1_aval_043
Command: "/usr/bin/perl" "-I" "./tests/scripts" "./tests/scripts/tesh" "/Users/rubensrechjunior/Developer/pc/tests/e1/aval_043.tesh"
Directory: /Users/rubensrechjunior/Developer/pc/build
"e1_aval_043" start time: Mar 14 20:59 -03
Output:
----------------------------------------------------------
Test suite `/Users/rubensrechjunior/Developer/pc/tests/e1/aval_043'
[/Users/rubensrechjunior/Developer/pc/tests/e1/aval_043:3] ./main tests/e1/entrada_043
Test suite `/Users/rubensrechjunior/Developer/pc/tests/e1/aval_043' OK
<end of output>
Test time =   0.21 sec
----------------------------------------------------------
Test Passed.
"e1_aval_043" end time: Mar 14 20:59 -03
"e1_aval_043" time elapsed: 00:00:00
----------------------------------------------------------

44/563 Testing: e1_aval_044
44/563 Test: e1_aval_044
Command: "/usr/bin/perl" "-I" "./tests/scripts" "./tests/scripts/tesh" "/Users/rubensrechjunior/Developer/pc/tests/e1/aval_044.tesh"
Directory: /Users/rubensrechjunior/Developer/pc/build
"e1_aval_044" start time: Mar 14 20:59 -03
Output:
----------------------------------------------------------
Test suite `/Users/rubensrechjunior/Developer/pc/tests/e1/aval_044'
[/Users/rubensrechjunior/Developer/pc/tests/e1/aval_044:3] ./main tests/e1/entrada_044
Output of </Users/rubensrechjunior/Developer/pc/tests/e1/aval_044.tesh:3> mismatch:
- 1 TK_ESPECIAL [$]
+ 1 TOKEN_ERRO [$]
Test suite `/Users/rubensrechjunior/Developer/pc/tests/e1/aval_044.tesh': NOK (</Users/rubensrechjunior/Developer/pc/tests/e1/aval_044.tesh:3> output mismatch)
<end of output>
Test time =   0.21 sec
----------------------------------------------------------
Test Failed.
"e1_aval_044" end time: Mar 14 20:59 -03
"e1_aval_044" time elapsed: 00:00:00
----------------------------------------------------------

45/563 Testing: e1_aval_045
45/563 Test: e1_aval_045
Command: "/usr/bin/perl" "-I" "./tests/scripts" "./tests/scripts/tesh" "/Users/rubensrechjunior/Developer/pc/tests/e1/aval_045.tesh"
Directory: /Users/rubensrechjunior/Developer/pc/build
"e1_aval_045" start time: Mar 14 20:59 -03
Output:
----------------------------------------------------------
Test suite `/Users/rubensrechjunior/Developer/pc/tests/e1/aval_045'
[/Users/rubensrechjunior/Developer/pc/tests/e1/aval_045:3] ./main tests/e1/entrada_045
Test suite `/Users/rubensrechjunior/Developer/pc/tests/e1/aval_045' OK
<end of output>
Test time =   0.21 sec
----------------------------------------------------------
Test Passed.
"e1_aval_045" end time: Mar 14 20:59 -03
"e1_aval_045" time elapsed: 00:00:00
----------------------------------------------------------

46/563 Testing: e1_aval_046
46/563 Test: e1_aval_046
Command: "/usr/bin/perl" "-I" "./tests/scripts" "./tests/scripts/tesh" "/Users/rubensrechjunior/Developer/pc/tests/e1/aval_046.tesh"
Directory: /Users/rubensrechjunior/Developer/pc/build
"e1_aval_046" start time: Mar 14 20:59 -03
Output:
----------------------------------------------------------
Test suite `/Users/rubensrechjunior/Developer/pc/tests/e1/aval_046'
[/Users/rubensrechjunior/Developer/pc/tests/e1/aval_046:3] ./main tests/e1/entrada_046
Test suite `/Users/rubensrechjunior/Developer/pc/tests/e1/aval_046' OK
<end of output>
Test time =   0.21 sec
----------------------------------------------------------
Test Passed.
"e1_aval_046" end time: Mar 14 20:59 -03
"e1_aval_046" time elapsed: 00:00:00
----------------------------------------------------------

47/563 Testing: e1_aval_047
47/563 Test: e1_aval_047
Command: "/usr/bin/perl" "-I" "./tests/scripts" "./tests/scripts/tesh" "/Users/rubensrechjunior/Developer/pc/tests/e1/aval_047.tesh"
Directory: /Users/rubensrechjunior/Developer/pc/build
"e1_aval_047" start time: Mar 14 20:59 -03
Output:
----------------------------------------------------------
Test suite `/Users/rubensrechjunior/Developer/pc/tests/e1/aval_047'
[/Users/rubensrechjunior/Developer/pc/tests/e1/aval_047:3] ./main tests/e1/entrada_047
Test suite `/Users/rubensrechjunior/Developer/pc/tests/e1/aval_047' OK
<end of output>
Test time =   0.21 sec
----------------------------------------------------------
Test Passed.
"e1_aval_047" end time: Mar 14 20:59 -03
"e1_aval_047" time elapsed: 00:00:00
----------------------------------------------------------

48/563 Testing: e1_aval_048
48/563 Test: e1_aval_048
Command: "/usr/bin/perl" "-I" "./tests/scripts" "./tests/scripts/tesh" "/Users/rubensrechjunior/Developer/pc/tests/e1/aval_048.tesh"
Directory: /Users/rubensrechjunior/Developer/pc/build
"e1_aval_048" start time: Mar 14 20:59 -03
Output:
----------------------------------------------------------
Test suite `/Users/rubensrechjunior/Developer/pc/tests/e1/aval_048'
[/Users/rubensrechjunior/Developer/pc/tests/e1/aval_048:3] ./main tests/e1/entrada_048
Test suite `/Users/rubensrechjunior/Developer/pc/tests/e1/aval_048' OK
<end of output>
Test time =   0.20 sec
----------------------------------------------------------
Test Passed.
"e1_aval_048" end time: Mar 14 20:59 -03
"e1_aval_048" time elapsed: 00:00:00
----------------------------------------------------------

49/563 Testing: e1_aval_049
49/563 Test: e1_aval_049
Command: "/usr/bin/perl" "-I" "./tests/scripts" "./tests/scripts/tesh" "/Users/rubensrechjunior/Developer/pc/tests/e1/aval_049.tesh"
Directory: /Users/rubensrechjunior/Developer/pc/build
"e1_aval_049" start time: Mar 14 20:59 -03
Output:
----------------------------------------------------------
Test suite `/Users/rubensrechjunior/Developer/pc/tests/e1/aval_049'
[/Users/rubensrechjunior/Developer/pc/tests/e1/aval_049:3] ./main tests/e1/entrada_049
Test suite `/Users/rubensrechjunior/Developer/pc/tests/e1/aval_049' OK
<end of output>
Test time =   0.21 sec
----------------------------------------------------------
Test Passed.
"e1_aval_049" end time: Mar 14 20:59 -03
"e1_aval_049" time elapsed: 00:00:00
----------------------------------------------------------

50/563 Testing: e1_aval_050
50/563 Test: e1_aval_050
Command: "/usr/bin/perl" "-I" "./tests/scripts" "./tests/scripts/tesh" "/Users/rubensrechjunior/Developer/pc/tests/e1/aval_050.tesh"
Directory: /Users/rubensrechjunior/Developer/pc/build
"e1_aval_050" start time: Mar 14 20:59 -03
Output:
----------------------------------------------------------
Test suite `/Users/rubensrechjunior/Developer/pc/tests/e1/aval_050'
[/Users/rubensrechjunior/Developer/pc/tests/e1/aval_050:3] ./main tests/e1/entrada_050
Test suite `/Users/rubensrechjunior/Developer/pc/tests/e1/aval_050' OK
<end of output>
Test time =   0.20 sec
----------------------------------------------------------
Test Passed.
"e1_aval_050" end time: Mar 14 20:59 -03
"e1_aval_050" time elapsed: 00:00:00
----------------------------------------------------------

51/563 Testing: e1_aval_051
51/563 Test: e1_aval_051
Command: "/usr/bin/perl" "-I" "./tests/scripts" "./tests/scripts/tesh" "/Users/rubensrechjunior/Developer/pc/tests/e1/aval_051.tesh"
Directory: /Users/rubensrechjunior/Developer/pc/build
"e1_aval_051" start time: Mar 14 20:59 -03
Output:
----------------------------------------------------------
Test suite `/Users/rubensrechjunior/Developer/pc/tests/e1/aval_051'
[/Users/rubensrechjunior/Developer/pc/tests/e1/aval_051:3] ./main tests/e1/entrada_051
Test suite `/Users/rubensrechjunior/Developer/pc/tests/e1/aval_051' OK
<end of output>
Test time =   0.21 sec
----------------------------------------------------------
Test Passed.
"e1_aval_051" end time: Mar 14 20:59 -03
"e1_aval_051" time elapsed: 00:00:00
----------------------------------------------------------

52/563 Testing: e1_aval_052
52/563 Test: e1_aval_052
Command: "/usr/bin/perl" "-I" "./tests/scripts" "./tests/scripts/tesh" "/Users/rubensrechjunior/Developer/pc/tests/e1/aval_052.tesh"
Directory: /Users/rubensrechjunior/Developer/pc/build
"e1_aval_052" start time: Mar 14 20:59 -03
Output:
----------------------------------------------------------
Test suite `/Users/rubensrechjunior/Developer/pc/tests/e1/aval_052'
[/Users/rubensrechjunior/Developer/pc/tests/e1/aval_052:3] ./main tests/e1/entrada_052
Test suite `/Users/rubensrechjunior/Developer/pc/tests/e1/aval_052' OK
<end of output>
Test time =   0.21 sec
----------------------------------------------------------
Test Passed.
"e1_aval_052" end time: Mar 14 20:59 -03
"e1_aval_052" time elapsed: 00:00:00
----------------------------------------------------------

53/563 Testing: e1_aval_053
53/563 Test: e1_aval_053
Command: "/usr/bin/perl" "-I" "./tests/scripts" "./tests/scripts/tesh" "/Users/rubensrechjunior/Developer/pc/tests/e1/aval_053.tesh"
Directory: /Users/rubensrechjunior/Developer/pc/build
"e1_aval_053" start time: Mar 14 20:59 -03
Output:
----------------------------------------------------------
Test suite `/Users/rubensrechjunior/Developer/pc/tests/e1/aval_053'
[/Users/rubensrechjunior/Developer/pc/tests/e1/aval_053:3] ./main tests/e1/entrada_053
Test suite `/Users/rubensrechjunior/Developer/pc/tests/e1/aval_053' OK
<end of output>
Test time =   0.21 sec
----------------------------------------------------------
Test Passed.
"e1_aval_053" end time: Mar 14 20:59 -03
"e1_aval_053" time elapsed: 00:00:00
----------------------------------------------------------

54/563 Testing: e1_aval_054
54/563 Test: e1_aval_054
Command: "/usr/bin/perl" "-I" "./tests/scripts" "./tests/scripts/tesh" "/Users/rubensrechjunior/Developer/pc/tests/e1/aval_054.tesh"
Directory: /Users/rubensrechjunior/Developer/pc/build
"e1_aval_054" start time: Mar 14 20:59 -03
Output:
----------------------------------------------------------
Test suite `/Users/rubensrechjunior/Developer/pc/tests/e1/aval_054'
[/Users/rubensrechjunior/Developer/pc/tests/e1/aval_054:3] ./main tests/e1/entrada_054
Test suite `/Users/rubensrechjunior/Developer/pc/tests/e1/aval_054' OK
<end of output>
Test time =   0.21 sec
----------------------------------------------------------
Test Passed.
"e1_aval_054" end time: Mar 14 20:59 -03
"e1_aval_054" time elapsed: 00:00:00
----------------------------------------------------------

55/563 Testing: e1_aval_055
55/563 Test: e1_aval_055
Command: "/usr/bin/perl" "-I" "./tests/scripts" "./tests/scripts/tesh" "/Users/rubensrechjunior/Developer/pc/tests/e1/aval_055.tesh"
Directory: /Users/rubensrechjunior/Developer/pc/build
"e1_aval_055" start time: Mar 14 20:59 -03
Output:
----------------------------------------------------------
Test suite `/Users/rubensrechjunior/Developer/pc/tests/e1/aval_055'
[/Users/rubensrechjunior/Developer/pc/tests/e1/aval_055:3] ./main tests/e1/entrada_055
Test suite `/Users/rubensrechjunior/Developer/pc/tests/e1/aval_055' OK
<end of output>
Test time =   0.21 sec
----------------------------------------------------------
Test Passed.
"e1_aval_055" end time: Mar 14 20:59 -03
"e1_aval_055" time elapsed: 00:00:00
----------------------------------------------------------

56/563 Testing: e1_aval_056
56/563 Test: e1_aval_056
Command: "/usr/bin/perl" "-I" "./tests/scripts" "./tests/scripts/tesh" "/Users/rubensrechjunior/Developer/pc/tests/e1/aval_056.tesh"
Directory: /Users/rubensrechjunior/Developer/pc/build
"e1_aval_056" start time: Mar 14 20:59 -03
Output:
----------------------------------------------------------
Test suite `/Users/rubensrechjunior/Developer/pc/tests/e1/aval_056'
[/Users/rubensrechjunior/Developer/pc/tests/e1/aval_056:3] ./main tests/e1/entrada_056
Test suite `/Users/rubensrechjunior/Developer/pc/tests/e1/aval_056' OK
<end of output>
Test time =   0.21 sec
----------------------------------------------------------
Test Passed.
"e1_aval_056" end time: Mar 14 20:59 -03
"e1_aval_056" time elapsed: 00:00:00
----------------------------------------------------------

57/563 Testing: e1_aval_057
57/563 Test: e1_aval_057
Command: "/usr/bin/perl" "-I" "./tests/scripts" "./tests/scripts/tesh" "/Users/rubensrechjunior/Developer/pc/tests/e1/aval_057.tesh"
Directory: /Users/rubensrechjunior/Developer/pc/build
"e1_aval_057" start time: Mar 14 20:59 -03
Output:
----------------------------------------------------------
Test suite `/Users/rubensrechjunior/Developer/pc/tests/e1/aval_057'
[/Users/rubensrechjunior/Developer/pc/tests/e1/aval_057:3] ./main tests/e1/entrada_057
Test suite `/Users/rubensrechjunior/Developer/pc/tests/e1/aval_057' OK
<end of output>
Test time =   0.20 sec
----------------------------------------------------------
Test Passed.
"e1_aval_057" end time: Mar 14 20:59 -03
"e1_aval_057" time elapsed: 00:00:00
----------------------------------------------------------

58/563 Testing: e1_aval_058
58/563 Test: e1_aval_058
Command: "/usr/bin/perl" "-I" "./tests/scripts" "./tests/scripts/tesh" "/Users/rubensrechjunior/Developer/pc/tests/e1/aval_058.tesh"
Directory: /Users/rubensrechjunior/Developer/pc/build
"e1_aval_058" start time: Mar 14 20:59 -03
Output:
----------------------------------------------------------
Test suite `/Users/rubensrechjunior/Developer/pc/tests/e1/aval_058'
[/Users/rubensrechjunior/Developer/pc/tests/e1/aval_058:3] ./main tests/e1/entrada_058
Test suite `/Users/rubensrechjunior/Developer/pc/tests/e1/aval_058' OK
<end of output>
Test time =   0.21 sec
----------------------------------------------------------
Test Passed.
"e1_aval_058" end time: Mar 14 20:59 -03
"e1_aval_058" time elapsed: 00:00:00
----------------------------------------------------------

59/563 Testing: e1_aval_059
59/563 Test: e1_aval_059
Command: "/usr/bin/perl" "-I" "./tests/scripts" "./tests/scripts/tesh" "/Users/rubensrechjunior/Developer/pc/tests/e1/aval_059.tesh"
Directory: /Users/rubensrechjunior/Developer/pc/build
"e1_aval_059" start time: Mar 14 20:59 -03
Output:
----------------------------------------------------------
Test suite `/Users/rubensrechjunior/Developer/pc/tests/e1/aval_059'
[/Users/rubensrechjunior/Developer/pc/tests/e1/aval_059:3] ./main tests/e1/entrada_059
Test suite `/Users/rubensrechjunior/Developer/pc/tests/e1/aval_059' OK
<end of output>
Test time =   0.22 sec
----------------------------------------------------------
Test Passed.
"e1_aval_059" end time: Mar 14 20:59 -03
"e1_aval_059" time elapsed: 00:00:00
----------------------------------------------------------

60/563 Testing: e1_aval_060
60/563 Test: e1_aval_060
Command: "/usr/bin/perl" "-I" "./tests/scripts" "./tests/scripts/tesh" "/Users/rubensrechjunior/Developer/pc/tests/e1/aval_060.tesh"
Directory: /Users/rubensrechjunior/Developer/pc/build
"e1_aval_060" start time: Mar 14 20:59 -03
Output:
----------------------------------------------------------
Test suite `/Users/rubensrechjunior/Developer/pc/tests/e1/aval_060'
[/Users/rubensrechjunior/Developer/pc/tests/e1/aval_060:3] ./main tests/e1/entrada_060
Test suite `/Users/rubensrechjunior/Developer/pc/tests/e1/aval_060' OK
<end of output>
Test time =   0.21 sec
----------------------------------------------------------
Test Passed.
"e1_aval_060" end time: Mar 14 20:59 -03
"e1_aval_060" time elapsed: 00:00:00
----------------------------------------------------------

61/563 Testing: e1_aval_061
61/563 Test: e1_aval_061
Command: "/usr/bin/perl" "-I" "./tests/scripts" "./tests/scripts/tesh" "/Users/rubensrechjunior/Developer/pc/tests/e1/aval_061.tesh"
Directory: /Users/rubensrechjunior/Developer/pc/build
"e1_aval_061" start time: Mar 14 20:59 -03
Output:
----------------------------------------------------------
Test suite `/Users/rubensrechjunior/Developer/pc/tests/e1/aval_061'
[/Users/rubensrechjunior/Developer/pc/tests/e1/aval_061:3] ./main tests/e1/entrada_061
Test suite `/Users/rubensrechjunior/Developer/pc/tests/e1/aval_061' OK
<end of output>
Test time =   0.21 sec
----------------------------------------------------------
Test Passed.
"e1_aval_061" end time: Mar 14 20:59 -03
"e1_aval_061" time elapsed: 00:00:00
----------------------------------------------------------

62/563 Testing: e1_aval_062
62/563 Test: e1_aval_062
Command: "/usr/bin/perl" "-I" "./tests/scripts" "./tests/scripts/tesh" "/Users/rubensrechjunior/Developer/pc/tests/e1/aval_062.tesh"
Directory: /Users/rubensrechjunior/Developer/pc/build
"e1_aval_062" start time: Mar 14 20:59 -03
Output:
----------------------------------------------------------
Test suite `/Users/rubensrechjunior/Developer/pc/tests/e1/aval_062'
[/Users/rubensrechjunior/Developer/pc/tests/e1/aval_062:3] ./main tests/e1/entrada_062
Test suite `/Users/rubensrechjunior/Developer/pc/tests/e1/aval_062' OK
<end of output>
Test time =   0.21 sec
----------------------------------------------------------
Test Passed.
"e1_aval_062" end time: Mar 14 20:59 -03
"e1_aval_062" time elapsed: 00:00:00
----------------------------------------------------------

63/563 Testing: e1_aval_063
63/563 Test: e1_aval_063
Command: "/usr/bin/perl" "-I" "./tests/scripts" "./tests/scripts/tesh" "/Users/rubensrechjunior/Developer/pc/tests/e1/aval_063.tesh"
Directory: /Users/rubensrechjunior/Developer/pc/build
"e1_aval_063" start time: Mar 14 20:59 -03
Output:
----------------------------------------------------------
Test suite `/Users/rubensrechjunior/Developer/pc/tests/e1/aval_063'
[/Users/rubensrechjunior/Developer/pc/tests/e1/aval_063:3] ./main tests/e1/entrada_063
Test suite `/Users/rubensrechjunior/Developer/pc/tests/e1/aval_063' OK
<end of output>
Test time =   0.22 sec
----------------------------------------------------------
Test Passed.
"e1_aval_063" end time: Mar 14 20:59 -03
"e1_aval_063" time elapsed: 00:00:00
----------------------------------------------------------

64/563 Testing: e1_aval_064
64/563 Test: e1_aval_064
Command: "/usr/bin/perl" "-I" "./tests/scripts" "./tests/scripts/tesh" "/Users/rubensrechjunior/Developer/pc/tests/e1/aval_064.tesh"
Directory: /Users/rubensrechjunior/Developer/pc/build
"e1_aval_064" start time: Mar 14 20:59 -03
Output:
----------------------------------------------------------
Test suite `/Users/rubensrechjunior/Developer/pc/tests/e1/aval_064'
[/Users/rubensrechjunior/Developer/pc/tests/e1/aval_064:3] ./main tests/e1/entrada_064
Test suite `/Users/rubensrechjunior/Developer/pc/tests/e1/aval_064' OK
<end of output>
Test time =   0.21 sec
----------------------------------------------------------
Test Passed.
"e1_aval_064" end time: Mar 14 20:59 -03
"e1_aval_064" time elapsed: 00:00:00
----------------------------------------------------------

65/563 Testing: e1_aval_065
65/563 Test: e1_aval_065
Command: "/usr/bin/perl" "-I" "./tests/scripts" "./tests/scripts/tesh" "/Users/rubensrechjunior/Developer/pc/tests/e1/aval_065.tesh"
Directory: /Users/rubensrechjunior/Developer/pc/build
"e1_aval_065" start time: Mar 14 20:59 -03
Output:
----------------------------------------------------------
Test suite `/Users/rubensrechjunior/Developer/pc/tests/e1/aval_065'
[/Users/rubensrechjunior/Developer/pc/tests/e1/aval_065:3] ./main tests/e1/entrada_065
Test suite `/Users/rubensrechjunior/Developer/pc/tests/e1/aval_065' OK
<end of output>
Test time =   0.21 sec
----------------------------------------------------------
Test Passed.
"e1_aval_065" end time: Mar 14 20:59 -03
"e1_aval_065" time elapsed: 00:00:00
----------------------------------------------------------

66/563 Testing: e1_aval_066
66/563 Test: e1_aval_066
Command: "/usr/bin/perl" "-I" "./tests/scripts" "./tests/scripts/tesh" "/Users/rubensrechjunior/Developer/pc/tests/e1/aval_066.tesh"
Directory: /Users/rubensrechjunior/Developer/pc/build
"e1_aval_066" start time: Mar 14 20:59 -03
Output:
----------------------------------------------------------
Test suite `/Users/rubensrechjunior/Developer/pc/tests/e1/aval_066'
[/Users/rubensrechjunior/Developer/pc/tests/e1/aval_066:3] ./main tests/e1/entrada_066
Test suite `/Users/rubensrechjunior/Developer/pc/tests/e1/aval_066' OK
<end of output>
Test time =   0.21 sec
----------------------------------------------------------
Test Passed.
"e1_aval_066" end time: Mar 14 20:59 -03
"e1_aval_066" time elapsed: 00:00:00
----------------------------------------------------------

67/563 Testing: e1_aval_067
67/563 Test: e1_aval_067
Command: "/usr/bin/perl" "-I" "./tests/scripts" "./tests/scripts/tesh" "/Users/rubensrechjunior/Developer/pc/tests/e1/aval_067.tesh"
Directory: /Users/rubensrechjunior/Developer/pc/build
"e1_aval_067" start time: Mar 14 20:59 -03
Output:
----------------------------------------------------------
Test suite `/Users/rubensrechjunior/Developer/pc/tests/e1/aval_067'
[/Users/rubensrechjunior/Developer/pc/tests/e1/aval_067:3] ./main tests/e1/entrada_067
Test suite `/Users/rubensrechjunior/Developer/pc/tests/e1/aval_067' OK
<end of output>
Test time =   0.21 sec
----------------------------------------------------------
Test Passed.
"e1_aval_067" end time: Mar 14 20:59 -03
"e1_aval_067" time elapsed: 00:00:00
----------------------------------------------------------

68/563 Testing: e1_aval_068
68/563 Test: e1_aval_068
Command: "/usr/bin/perl" "-I" "./tests/scripts" "./tests/scripts/tesh" "/Users/rubensrechjunior/Developer/pc/tests/e1/aval_068.tesh"
Directory: /Users/rubensrechjunior/Developer/pc/build
"e1_aval_068" start time: Mar 14 20:59 -03
Output:
----------------------------------------------------------
Test suite `/Users/rubensrechjunior/Developer/pc/tests/e1/aval_068'
[/Users/rubensrechjunior/Developer/pc/tests/e1/aval_068:3] ./main tests/e1/entrada_068
Test suite `/Users/rubensrechjunior/Developer/pc/tests/e1/aval_068' OK
<end of output>
Test time =   0.21 sec
----------------------------------------------------------
Test Passed.
"e1_aval_068" end time: Mar 14 20:59 -03
"e1_aval_068" time elapsed: 00:00:00
----------------------------------------------------------

69/563 Testing: e1_aval_069
69/563 Test: e1_aval_069
Command: "/usr/bin/perl" "-I" "./tests/scripts" "./tests/scripts/tesh" "/Users/rubensrechjunior/Developer/pc/tests/e1/aval_069.tesh"
Directory: /Users/rubensrechjunior/Developer/pc/build
"e1_aval_069" start time: Mar 14 20:59 -03
Output:
----------------------------------------------------------
Test suite `/Users/rubensrechjunior/Developer/pc/tests/e1/aval_069'
[/Users/rubensrechjunior/Developer/pc/tests/e1/aval_069:3] ./main tests/e1/entrada_069
Test suite `/Users/rubensrechjunior/Developer/pc/tests/e1/aval_069' OK
<end of output>
Test time =   0.22 sec
----------------------------------------------------------
Test Passed.
"e1_aval_069" end time: Mar 14 20:59 -03
"e1_aval_069" time elapsed: 00:00:00
----------------------------------------------------------

70/563 Testing: e1_aval_070
70/563 Test: e1_aval_070
Command: "/usr/bin/perl" "-I" "./tests/scripts" "./tests/scripts/tesh" "/Users/rubensrechjunior/Developer/pc/tests/e1/aval_070.tesh"
Directory: /Users/rubensrechjunior/Developer/pc/build
"e1_aval_070" start time: Mar 14 20:59 -03
Output:
----------------------------------------------------------
Test suite `/Users/rubensrechjunior/Developer/pc/tests/e1/aval_070'
[/Users/rubensrechjunior/Developer/pc/tests/e1/aval_070:3] ./main tests/e1/entrada_070
Test suite `/Users/rubensrechjunior/Developer/pc/tests/e1/aval_070' OK
<end of output>
Test time =   0.22 sec
----------------------------------------------------------
Test Passed.
"e1_aval_070" end time: Mar 14 20:59 -03
"e1_aval_070" time elapsed: 00:00:00
----------------------------------------------------------

71/563 Testing: e1_aval_071
71/563 Test: e1_aval_071
Command: "/usr/bin/perl" "-I" "./tests/scripts" "./tests/scripts/tesh" "/Users/rubensrechjunior/Developer/pc/tests/e1/aval_071.tesh"
Directory: /Users/rubensrechjunior/Developer/pc/build
"e1_aval_071" start time: Mar 14 20:59 -03
Output:
----------------------------------------------------------
Test suite `/Users/rubensrechjunior/Developer/pc/tests/e1/aval_071'
[/Users/rubensrechjunior/Developer/pc/tests/e1/aval_071:3] ./main tests/e1/entrada_071
Test suite `/Users/rubensrechjunior/Developer/pc/tests/e1/aval_071' OK
<end of output>
Test time =   0.22 sec
----------------------------------------------------------
Test Passed.
"e1_aval_071" end time: Mar 14 20:59 -03
"e1_aval_071" time elapsed: 00:00:00
----------------------------------------------------------

72/563 Testing: e1_aval_072
72/563 Test: e1_aval_072
Command: "/usr/bin/perl" "-I" "./tests/scripts" "./tests/scripts/tesh" "/Users/rubensrechjunior/Developer/pc/tests/e1/aval_072.tesh"
Directory: /Users/rubensrechjunior/Developer/pc/build
"e1_aval_072" start time: Mar 14 20:59 -03
Output:
----------------------------------------------------------
Test suite `/Users/rubensrechjunior/Developer/pc/tests/e1/aval_072'
[/Users/rubensrechjunior/Developer/pc/tests/e1/aval_072:3] ./main tests/e1/entrada_072
Test suite `/Users/rubensrechjunior/Developer/pc/tests/e1/aval_072' OK
<end of output>
Test time =   0.22 sec
----------------------------------------------------------
Test Passed.
"e1_aval_072" end time: Mar 14 20:59 -03
"e1_aval_072" time elapsed: 00:00:00
----------------------------------------------------------

73/563 Testing: e1_aval_073
73/563 Test: e1_aval_073
Command: "/usr/bin/perl" "-I" "./tests/scripts" "./tests/scripts/tesh" "/Users/rubensrechjunior/Developer/pc/tests/e1/aval_073.tesh"
Directory: /Users/rubensrechjunior/Developer/pc/build
"e1_aval_073" start time: Mar 14 20:59 -03
Output:
----------------------------------------------------------
Test suite `/Users/rubensrechjunior/Developer/pc/tests/e1/aval_073'
[/Users/rubensrechjunior/Developer/pc/tests/e1/aval_073:3] ./main tests/e1/entrada_073
Test suite `/Users/rubensrechjunior/Developer/pc/tests/e1/aval_073' OK
<end of output>
Test time =   0.22 sec
----------------------------------------------------------
Test Passed.
"e1_aval_073" end time: Mar 14 20:59 -03
"e1_aval_073" time elapsed: 00:00:00
----------------------------------------------------------

74/563 Testing: e1_aval_074
74/563 Test: e1_aval_074
Command: "/usr/bin/perl" "-I" "./tests/scripts" "./tests/scripts/tesh" "/Users/rubensrechjunior/Developer/pc/tests/e1/aval_074.tesh"
Directory: /Users/rubensrechjunior/Developer/pc/build
"e1_aval_074" start time: Mar 14 20:59 -03
Output:
----------------------------------------------------------
Test suite `/Users/rubensrechjunior/Developer/pc/tests/e1/aval_074'
[/Users/rubensrechjunior/Developer/pc/tests/e1/aval_074:3] ./main tests/e1/entrada_074
[Tesh/INFO] setenv INF47_TABLE=True
[/Users/rubensrechjunior/Developer/pc/tests/e1/aval_074:7] "./main tests/e1/entrada_074 | sort"
Test suite `/Users/rubensrechjunior/Developer/pc/tests/e1/aval_074' OK
<end of output>
Test time =   0.23 sec
----------------------------------------------------------
Test Passed.
"e1_aval_074" end time: Mar 14 20:59 -03
"e1_aval_074" time elapsed: 00:00:00
----------------------------------------------------------

75/563 Testing: e1_aval_075
75/563 Test: e1_aval_075
Command: "/usr/bin/perl" "-I" "./tests/scripts" "./tests/scripts/tesh" "/Users/rubensrechjunior/Developer/pc/tests/e1/aval_075.tesh"
Directory: /Users/rubensrechjunior/Developer/pc/build
"e1_aval_075" start time: Mar 14 20:59 -03
Output:
----------------------------------------------------------
Test suite `/Users/rubensrechjunior/Developer/pc/tests/e1/aval_075'
[/Users/rubensrechjunior/Developer/pc/tests/e1/aval_075:3] ./main tests/e1/entrada_075
[Tesh/INFO] setenv INF47_TABLE=True
[/Users/rubensrechjunior/Developer/pc/tests/e1/aval_075:7] "./main tests/e1/entrada_075 | sort"
Test suite `/Users/rubensrechjunior/Developer/pc/tests/e1/aval_075' OK
<end of output>
Test time =   0.22 sec
----------------------------------------------------------
Test Passed.
"e1_aval_075" end time: Mar 14 20:59 -03
"e1_aval_075" time elapsed: 00:00:00
----------------------------------------------------------

76/563 Testing: e1_aval_076
76/563 Test: e1_aval_076
Command: "/usr/bin/perl" "-I" "./tests/scripts" "./tests/scripts/tesh" "/Users/rubensrechjunior/Developer/pc/tests/e1/aval_076.tesh"
Directory: /Users/rubensrechjunior/Developer/pc/build
"e1_aval_076" start time: Mar 14 20:59 -03
Output:
----------------------------------------------------------
Test suite `/Users/rubensrechjunior/Developer/pc/tests/e1/aval_076'
[/Users/rubensrechjunior/Developer/pc/tests/e1/aval_076:3] ./main tests/e1/entrada_076
[Tesh/INFO] setenv INF47_TABLE=True
[/Users/rubensrechjunior/Developer/pc/tests/e1/aval_076:8] "./main tests/e1/entrada_076 | sort"
Test suite `/Users/rubensrechjunior/Developer/pc/tests/e1/aval_076' OK
<end of output>
Test time =   0.22 sec
----------------------------------------------------------
Test Passed.
"e1_aval_076" end time: Mar 14 20:59 -03
"e1_aval_076" time elapsed: 00:00:00
----------------------------------------------------------

77/563 Testing: e1_avaliacao_00
77/563 Test: e1_avaliacao_00
Command: "/usr/bin/perl" "-I" "./tests/scripts" "./tests/scripts/tesh" "/Users/rubensrechjunior/Developer/pc/tests/e1/avaliacao_00.tesh"
Directory: /Users/rubensrechjunior/Developer/pc/build
"e1_avaliacao_00" start time: Mar 14 20:59 -03
Output:
----------------------------------------------------------
Test suite `/Users/rubensrechjunior/Developer/pc/tests/e1/avaliacao_00'
[/Users/rubensrechjunior/Developer/pc/tests/e1/avaliacao_00:5] ./main ./tests/e1/input/nivel0.tokens
Output of </Users/rubensrechjunior/Developer/pc/tests/e1/avaliacao_00.tesh:5> mismatch:
...
  36 TK_ESPECIAL [!]
  37 TK_ESPECIAL [&]
- 38 TK_ESPECIAL [$]
+ 38 TOKEN_ERRO [$]
  39 TK_LIT_INT [-2]
  40 TK_LIT_FLOAT [31794.45]
...
Test suite `/Users/rubensrechjunior/Developer/pc/tests/e1/avaliacao_00.tesh': NOK (</Users/rubensrechjunior/Developer/pc/tests/e1/avaliacao_00.tesh:5> output mismatch)
<end of output>
Test time =   0.21 sec
----------------------------------------------------------
Test Failed.
"e1_avaliacao_00" end time: Mar 14 20:59 -03
"e1_avaliacao_00" time elapsed: 00:00:00
----------------------------------------------------------

78/563 Testing: e1_avaliacao_01
78/563 Test: e1_avaliacao_01
Command: "/usr/bin/perl" "-I" "./tests/scripts" "./tests/scripts/tesh" "/Users/rubensrechjunior/Developer/pc/tests/e1/avaliacao_01.tesh"
Directory: /Users/rubensrechjunior/Developer/pc/build
"e1_avaliacao_01" start time: Mar 14 20:59 -03
Output:
----------------------------------------------------------
Test suite `/Users/rubensrechjunior/Developer/pc/tests/e1/avaliacao_01'
[/Users/rubensrechjunior/Developer/pc/tests/e1/avaliacao_01:5] ./main ./tests/e1/input/nivel1.tokens
Output of </Users/rubensrechjunior/Developer/pc/tests/e1/avaliacao_01.tesh:5> mismatch:
...
  3 TK_PR_INT [int]
  3 TK_PR_STRING [string]
- 3 TK_ESPECIAL [$]
+ 3 TOKEN_ERRO [$]
  3 TK_ESPECIAL [,]
  3 TK_PR_STRING [string]
...
  5 TK_PR_DO [do]
  5 TK_PR_CHAR [char]
- 5 TK_ESPECIAL [$]
+ 5 TOKEN_ERRO [$]
  5 TK_ESPECIAL [[]
  5 TK_PR_CHAR [char]
...
  7 TK_ESPECIAL [*]
  8 TK_PR_BOOL [bool]
- 8 TK_ESPECIAL [$]
+ 8 TOKEN_ERRO [$]
  8 TK_ESPECIAL [;]
  8 TK_ESPECIAL [}]
...
  8 TK_ESPECIAL [;]
  8 TK_ESPECIAL [;]
- 8 TK_ESPECIAL [$]
+ 8 TOKEN_ERRO [$]
  8 TK_PR_IF [if]
  8 TK_ESPECIAL [:]
...
  10 TK_ESPECIAL [=]
  10 TK_PR_STRING [string]
- 10 TK_ESPECIAL [$]
- 10 TK_ESPECIAL [$]
+ 10 TOKEN_ERRO [$]
+ 10 TOKEN_ERRO [$]
  10 TK_PR_OUTPUT [output]
  10 TK_ESPECIAL [,]
...
  12 TK_ESPECIAL [=]
  12 TK_PR_BOOL [bool]
- 12 TK_ESPECIAL [$]
+ 12 TOKEN_ERRO [$]
  12 TK_PR_STRING [string]
  12 TK_PR_THEN [then]
...
  13 TK_PR_STRING [string]
  13 TK_ESPECIAL [>]
- 13 TK_ESPECIAL [$]
+ 13 TOKEN_ERRO [$]
  13 TK_PR_INPUT [input]
  13 TK_ESPECIAL [*]
...
  14 TK_ESPECIAL []]
  14 TK_ESPECIAL [-]
- 14 TK_ESPECIAL [$]
+ 14 TOKEN_ERRO [$]
  14 TK_ESPECIAL [)]
  15 TK_PR_FLOAT [float]
...
  15 TK_ESPECIAL [=]
  15 TK_ESPECIAL [,]
- 15 TK_ESPECIAL [$]
+ 15 TOKEN_ERRO [$]
  15 TK_ESPECIAL [)]
  15 TK_ESPECIAL [*]
...
  47 TK_ESPECIAL [&]
  47 TK_ESPECIAL [=]
- 47 TK_ESPECIAL [$]
+ 47 TOKEN_ERRO [$]
  47 TK_ESPECIAL [!]
  47 TK_ESPECIAL [{]
...
  49 TK_ESPECIAL [*]
  49 TK_ESPECIAL [<]
- 49 TK_ESPECIAL [$]
+ 49 TOKEN_ERRO [$]
  49 TK_ESPECIAL [=]
  49 TK_PR_DO [do]
...
  49 TK_PR_DO [do]
  49 TK_ESPECIAL [}]
- 49 TK_ESPECIAL [$]
+ 49 TOKEN_ERRO [$]
  49 TK_ESPECIAL []]
  49 TK_ESPECIAL [*]
...
  49 TK_PR_IF [if]
  49 TK_PR_INPUT [input]
- 49 TK_ESPECIAL [$]
+ 49 TOKEN_ERRO [$]
  49 TK_ESPECIAL []]
  49 TK_ESPECIAL [[]
...
  52 TK_ESPECIAL [[]
  52 TK_ESPECIAL [{]
- 52 TK_ESPECIAL [$]
+ 52 TOKEN_ERRO [$]
  52 TK_PR_OUTPUT [output]
  52 TK_ESPECIAL [;]
...
  54 TK_ESPECIAL [)]
  55 TK_PR_DO [do]
- 55 TK_ESPECIAL [$]
+ 55 TOKEN_ERRO [$]
  55 TK_PR_DO [do]
  55 TK_ESPECIAL [)]
...
  55 TK_PR_THEN [then]
  55 TK_PR_STRING [string]
- 55 TK_ESPECIAL [$]
+ 55 TOKEN_ERRO [$]
  55 TK_ESPECIAL [[]
  55 TK_ESPECIAL [<]
...
  56 TK_PR_INPUT [input]
  56 TK_ESPECIAL [>]
- 56 TK_ESPECIAL [$]
+ 56 TOKEN_ERRO [$]
  56 TK_ESPECIAL [*]
  56 TK_PR_STRING [string]
...
  56 TK_PR_CHAR [char]
  56 TK_PR_BOOL [bool]
- 56 TK_ESPECIAL [$]
+ 56 TOKEN_ERRO [$]
  56 TK_ESPECIAL [/]
  56 TK_ESPECIAL [{]
...
Test suite `/Users/rubensrechjunior/Developer/pc/tests/e1/avaliacao_01.tesh': NOK (</Users/rubensrechjunior/Developer/pc/tests/e1/avaliacao_01.tesh:5> output mismatch)
<end of output>
Test time =   0.21 sec
----------------------------------------------------------
Test Failed.
"e1_avaliacao_01" end time: Mar 14 20:59 -03
"e1_avaliacao_01" time elapsed: 00:00:00
----------------------------------------------------------

79/563 Testing: e1_avaliacao_02
79/563 Test: e1_avaliacao_02
Command: "/usr/bin/perl" "-I" "./tests/scripts" "./tests/scripts/tesh" "/Users/rubensrechjunior/Developer/pc/tests/e1/avaliacao_02.tesh"
Directory: /Users/rubensrechjunior/Developer/pc/build
"e1_avaliacao_02" start time: Mar 14 20:59 -03
Output:
----------------------------------------------------------
Test suite `/Users/rubensrechjunior/Developer/pc/tests/e1/avaliacao_02'
[/Users/rubensrechjunior/Developer/pc/tests/e1/avaliacao_02:5] ./main ./tests/e1/input/nivel2.tokens
Output of </Users/rubensrechjunior/Developer/pc/tests/e1/avaliacao_02.tesh:5> mismatch:
...
  13 TK_LIT_STRING ["&& output 6]Hygt -  return l6>"]
  13 TK_LIT_INT [607943]
- 13 TK_ESPECIAL [$]
+ 13 TOKEN_ERRO [$]
  14 TK_IDENTIFICADOR [__yXlEre77T6LOLns5hqJJyAWceh5Seq6CcJ53inrjOxCnfZsF3hWrzzSeHTOVKoPFrp3vpLnDTfrM8WTQCWhY]
  14 TK_ESPECIAL [-]
...
  18 TK_PR_BOOL [bool]
  18 TK_IDENTIFICADOR [___float]
- 18 TK_ESPECIAL [$]
+ 18 TOKEN_ERRO [$]
  18 TK_LIT_STRING ["zGN char uF"]
  19 TK_IDENTIFICADOR [_qLzh8lGvQJvgrx_d86AtLaRX3UgUnWVt33CAjdnkkognjVYsnT3_HgOyqO4GOsJSbiXlW9h8YyJ0c7ZeNve]
...
  46 TK_LIT_INT [1233854651]
  46 TK_LIT_INT [-02030321]
- 46 TK_ESPECIAL [$]
+ 46 TOKEN_ERRO [$]
  46 TK_ESPECIAL [{]
  47 TK_LIT_STRING [">=vMa else M]Js2CFufaXXjZfz7}1n / !_ = SWC86"]
...
  68 TK_LIT_CHAR ['s']
  69 TK_LIT_STRING [" return zU *  then "]
- 69 TK_ESPECIAL [$]
+ 69 TOKEN_ERRO [$]
  70 TK_LIT_STRING ["&&WhM5!& output a!,{TcIQ}&56Cn float FSA8 float ,;OvGwCS;h<=+ PVq&&"]
  70 TK_LIT_STRING ["mqGmht&&V>=c1XnB4 / vwN / :X char : if 2 * lsTJee||==koHz = V<"]
  70 TK_LIT_STRING ["&&WhM5!& output a!,{TcIQ}&56Cn float FSA8 float ,;OvGwCS;h<=+ PVq&&"]
  70 TK_LIT_STRING ["mqGmht&&V>=c1XnB4 / vwN / :X char : if 2 * lsTJee||==koHz = V<"]
- 70 TK_ESPECIAL [$]
+ 70 TOKEN_ERRO [$]
  71 TK_LIT_FLOAT [470.5547]
  71 TK_LIT_INT [-6212694]
...
  71 TK_LIT_CHAR ['(']
  71 TK_LIT_FLOAT [0448.6537990]
- 71 TK_ESPECIAL [$]
+ 71 TOKEN_ERRO [$]
  71 TK_LIT_FLOAT [-9786038.00036]
  71 TK_LIT_CHAR [';']
...
  92 TK_IDENTIFICADOR [_____eP8uY52s_tfoExrE_BKxY1WTR0FkYSoziZ8KdWMLj5GEp6JxsytALHbjA8RVl8_KCWJRuzomlXCHhbpem9WlbVAbCHVK90]
  92 TK_PR_IF [if]
- 92 TK_ESPECIAL [$]
+ 92 TOKEN_ERRO [$]
  92 TK_ESPECIAL [-]
  92 TK_IDENTIFICADOR [____gDoTnZr3mRLR8mD27OwWYEmLIk0iACq611ITRhnVVUdI]
...
  124 TK_PR_FLOAT [float]
  124 TK_ESPECIAL [<]
- 124 TK_ESPECIAL [$]
+ 124 TOKEN_ERRO [$]
  125 TK_PR_WHILE [while]
  125 TK_LIT_INT [7261433]
...
  125 TK_IDENTIFICADOR [_____9PacVxXF_kpXDh3Ngqp7OdLcRTUA0QQSRkcVyY4kWBx3nsSG]
  126 TK_LIT_INT [-8129]
- 126 TK_ESPECIAL [$]
+ 126 TOKEN_ERRO [$]
  126 TK_LIT_FLOAT [-4872072.15352764]
  126 TK_LIT_CHAR ['}']
...
  137 TK_LIT_FLOAT [435.2866018551]
  137 TK_ESPECIAL [-]
- 137 TK_ESPECIAL [$]
+ 137 TOKEN_ERRO [$]
  138 TK_LIT_CHAR ['=']
  138 TK_ESPECIAL [)]
...
  308 TK_LIT_FLOAT [34164155.139506775]
  308 TK_LIT_CHAR [']']
- 308 TK_ESPECIAL [$]
+ 308 TOKEN_ERRO [$]
  308 TK_PR_IF [if]
  308 TK_PR_OUTPUT [output]
...
  316 TK_PR_DO [do]
  316 TK_LIT_INT [-3792060249]
- 316 TK_ESPECIAL [$]
+ 316 TOKEN_ERRO [$]
  316 TK_LIT_STRING [" return Y output zp)DX / b"]
  316 TK_PR_IF [if]
...
  316 TK_PR_BOOL [bool]
  317 TK_PR_INPUT [input]
- 317 TK_ESPECIAL [$]
+ 317 TOKEN_ERRO [$]
  317 TK_LIT_FLOAT [397164189.93927]
  317 TK_IDENTIFICADOR [__int]
  317 TK_LIT_FLOAT [397164189.93927]
  317 TK_IDENTIFICADOR [__int]
- 317 TK_ESPECIAL [$]
+ 317 TOKEN_ERRO [$]
  318 TK_LIT_STRING ["> - aqMra||wQf then  char x char q) - VE = >=p6 else &&"]
  318 TK_LIT_STRING ["Ywau)0 return D1F"]
...
  334 TK_LIT_FLOAT [-75603.9]
  334 TK_LIT_STRING ["m) float pXoQ{(pu * ;t]ri return Sg>"]
- 334 TK_ESPECIAL [$]
+ 334 TOKEN_ERRO [$]
  334 TK_ESPECIAL [{]
  335 TK_LIT_INT [60688]
...
  348 TK_PR_THEN [then]
  348 TK_PR_OUTPUT [output]
- 348 TK_ESPECIAL [$]
+ 348 TOKEN_ERRO [$]
  348 TK_ESPECIAL [/]
  348 TK_LIT_FLOAT [435.2866018551]
...
  368 TK_ESPECIAL [!]
  368 TK_LIT_CHAR ['2']
- 368 TK_ESPECIAL [$]
+ 368 TOKEN_ERRO [$]
  368 TK_ESPECIAL [!]
  368 TK_LIT_STRING ["7SD"]
...
  390 TK_PR_STRING [string]
  390 TK_LIT_INT [-8]
- 390 TK_ESPECIAL [$]
+ 390 TOKEN_ERRO [$]
  391 TK_LIT_STRING ["mqGmht&&V>=c1XnB4 / vwN / :X char : if 2 * lsTJee||==koHz = V<"]
  391 TK_ESPECIAL [=]
...
  415 TK_ESPECIAL [!]
  415 TK_LIT_CHAR [',']
- 415 TK_ESPECIAL [$]
+ 415 TOKEN_ERRO [$]
  415 TK_LIT_INT [-4]
  415 TK_LIT_FLOAT [0970094.52845]
...
  446 TK_PR_STRING [string]
  447 TK_LIT_STRING ["Wi>XH - >=p&f9 then &$s string QJt<=;Jr]Wa]p while 2r5aKh}Fks / r9k float VS2 output "]
- 447 TK_ESPECIAL [$]
+ 447 TOKEN_ERRO [$]
  448 TK_IDENTIFICADOR [_____xuOmp2_vhmPyjSx8T58wb3AqGzBU8UPDyxHPPymfHREGv3khrgjmUh7Wg8gdbXt2rd73mHOUdW_HSF]
  448 TK_LIT_STRING ["<RR5q+ ] do U+  = [p then NG bool "]
...
Test suite `/Users/rubensrechjunior/Developer/pc/tests/e1/avaliacao_02.tesh': NOK (</Users/rubensrechjunior/Developer/pc/tests/e1/avaliacao_02.tesh:5> output mismatch)
<end of output>
Test time =   0.22 sec
----------------------------------------------------------
Test Failed.
"e1_avaliacao_02" end time: Mar 14 20:59 -03
"e1_avaliacao_02" time elapsed: 00:00:00
----------------------------------------------------------

80/563 Testing: e1_avaliacao_03
80/563 Test: e1_avaliacao_03
Command: "/usr/bin/perl" "-I" "./tests/scripts" "./tests/scripts/tesh" "/Users/rubensrechjunior/Developer/pc/tests/e1/avaliacao_03.tesh"
Directory: /Users/rubensrechjunior/Developer/pc/build
"e1_avaliacao_03" start time: Mar 14 20:59 -03
Output:
----------------------------------------------------------
Test suite `/Users/rubensrechjunior/Developer/pc/tests/e1/avaliacao_03'
[/Users/rubensrechjunior/Developer/pc/tests/e1/avaliacao_03:5] ./main ./tests/e1/input/nivel3.tokens
[Tesh/INFO] setenv INF47_TABLE=True
[/Users/rubensrechjunior/Developer/pc/tests/e1/avaliacao_03:9] "./main ./tests/e1/input/nivel3.tokens | sort"
Test suite `/Users/rubensrechjunior/Developer/pc/tests/e1/avaliacao_03' OK
<end of output>
Test time =   0.23 sec
----------------------------------------------------------
Test Passed.
"e1_avaliacao_03" end time: Mar 14 20:59 -03
"e1_avaliacao_03" time elapsed: 00:00:00
----------------------------------------------------------

81/563 Testing: e1_avaliacao_05
81/563 Test: e1_avaliacao_05
Command: "/usr/bin/perl" "-I" "./tests/scripts" "./tests/scripts/tesh" "/Users/rubensrechjunior/Developer/pc/tests/e1/avaliacao_05.tesh"
Directory: /Users/rubensrechjunior/Developer/pc/build
"e1_avaliacao_05" start time: Mar 14 20:59 -03
Output:
----------------------------------------------------------
Test suite `/Users/rubensrechjunior/Developer/pc/tests/e1/avaliacao_05'
[/Users/rubensrechjunior/Developer/pc/tests/e1/avaliacao_05:5] ./main ./tests/e1/input/nivel5.tokens
[Tesh/INFO] setenv INF47_TABLE=True
[/Users/rubensrechjunior/Developer/pc/tests/e1/avaliacao_05:23] "./main ./tests/e1/input/nivel5.tokens | sort"
Output of </Users/rubensrechjunior/Developer/pc/tests/e1/avaliacao_05.tesh:23> mismatch:
...
  2 [586476.9729492]
  2 [71084]
- 2 [g]
  2 [__l6JGktG5T2bjIdBBv1Tq]
  2 [__l6JGktG5T2bjIdBBv1Tq]
+ 2 [g]
+ 3 [ else U do <= char  while epabZCE38:4||oV&&(H1Tq5Lt return ]
  3 [6638.4372746]
  3 [____8_Lub29AWN13QCeoHFb8ktlZEkMWjdppEXA3hOOGWo_Wwco9Sd9WKIp]
  3 [6638.4372746]
  3 [____8_Lub29AWN13QCeoHFb8ktlZEkMWjdppEXA3hOOGWo_Wwco9Sd9WKIp]
- 3 [ else U do <= char  while epabZCE38:4||oV&&(H1Tq5Lt return ]
  4 [5]
  4 [IRb) -  return + S+ r!=6XPMi} * &1E==lJ output WERvI8]
...
Test suite `/Users/rubensrechjunior/Developer/pc/tests/e1/avaliacao_05.tesh': NOK (</Users/rubensrechjunior/Developer/pc/tests/e1/avaliacao_05.tesh:23> output mismatch)
<end of output>
Test time =   0.22 sec
----------------------------------------------------------
Test Failed.
"e1_avaliacao_05" end time: Mar 14 20:59 -03
"e1_avaliacao_05" time elapsed: 00:00:00
----------------------------------------------------------

82/563 Testing: e1_avaliacao_06
82/563 Test: e1_avaliacao_06
Command: "/usr/bin/perl" "-I" "./tests/scripts" "./tests/scripts/tesh" "/Users/rubensrechjunior/Developer/pc/tests/e1/avaliacao_06.tesh"
Directory: /Users/rubensrechjunior/Developer/pc/build
"e1_avaliacao_06" start time: Mar 14 20:59 -03
Output:
----------------------------------------------------------
Test suite `/Users/rubensrechjunior/Developer/pc/tests/e1/avaliacao_06'
[/Users/rubensrechjunior/Developer/pc/tests/e1/avaliacao_06:5] ./main ./tests/e1/input/nivel6.tokens
Output of </Users/rubensrechjunior/Developer/pc/tests/e1/avaliacao_06.tesh:5> mismatch:
...
  1 TK_ESPECIAL [!]
  1 TK_ESPECIAL [&]
- 1 TK_ESPECIAL [$]
+ 1 TOKEN_ERRO [$]
Test suite `/Users/rubensrechjunior/Developer/pc/tests/e1/avaliacao_06.tesh': NOK (</Users/rubensrechjunior/Developer/pc/tests/e1/avaliacao_06.tesh:5> output mismatch)
<end of output>
Test time =   0.21 sec
----------------------------------------------------------
Test Failed.
"e1_avaliacao_06" end time: Mar 14 20:59 -03
"e1_avaliacao_06" time elapsed: 00:00:00
----------------------------------------------------------

83/563 Testing: e1_avaliacao_07
83/563 Test: e1_avaliacao_07
Command: "/usr/bin/perl" "-I" "./tests/scripts" "./tests/scripts/tesh" "/Users/rubensrechjunior/Developer/pc/tests/e1/avaliacao_07.tesh"
Directory: /Users/rubensrechjunior/Developer/pc/build
"e1_avaliacao_07" start time: Mar 14 20:59 -03
Output:
----------------------------------------------------------
Test suite `/Users/rubensrechjunior/Developer/pc/tests/e1/avaliacao_07'
[/Users/rubensrechjunior/Developer/pc/tests/e1/avaliacao_07:5] ./main ./tests/e1/input/nivel7.tokens
[Tesh/INFO] setenv INF47_TABLE=True
[/Users/rubensrechjunior/Developer/pc/tests/e1/avaliacao_07:27] "./main ./tests/e1/input/nivel7.tokens | sort"
Output of </Users/rubensrechjunior/Developer/pc/tests/e1/avaliacao_07.tesh:27> mismatch:
- 1 [<]
- 1 [=]
- 1 [>]
- 1 [-]
- 1 [,]
- 1 [;]
- 1 [:]
  1 [!]
  1 [!]
- 1 [/]
+ 1 [$]
+ 1 [&]
  1 [(]
  1 [)]
  1 [(]
  1 [)]
+ 1 [*]
+ 1 [+]
+ 1 [,]
+ 1 [-]
+ 1 [/]
+ 1 [:]
+ 1 [;]
+ 1 [<]
+ 1 [=]
+ 1 [>]
  1 [[]
  1 []]
...
  1 [{]
  1 [}]
- 1 [$]
- 1 [*]
- 1 [&]
- 1 [+]
Test suite `/Users/rubensrechjunior/Developer/pc/tests/e1/avaliacao_07.tesh': NOK (</Users/rubensrechjunior/Developer/pc/tests/e1/avaliacao_07.tesh:27> output mismatch)
<end of output>
Test time =   0.22 sec
----------------------------------------------------------
Test Failed.
"e1_avaliacao_07" end time: Mar 14 20:59 -03
"e1_avaliacao_07" time elapsed: 00:00:00
----------------------------------------------------------

84/563 Testing: e1_avaliacao_08
84/563 Test: e1_avaliacao_08
Command: "/usr/bin/perl" "-I" "./tests/scripts" "./tests/scripts/tesh" "/Users/rubensrechjunior/Developer/pc/tests/e1/avaliacao_08.tesh"
Directory: /Users/rubensrechjunior/Developer/pc/build
"e1_avaliacao_08" start time: Mar 14 20:59 -03
Output:
----------------------------------------------------------
Test suite `/Users/rubensrechjunior/Developer/pc/tests/e1/avaliacao_08'
[/Users/rubensrechjunior/Developer/pc/tests/e1/avaliacao_08:5] ./main ./tests/e1/input/nivel8.tokens
[Tesh/INFO] setenv INF47_TABLE=True
[/Users/rubensrechjunior/Developer/pc/tests/e1/avaliacao_08:13] "./main ./tests/e1/input/nivel8.tokens | sort"
Test suite `/Users/rubensrechjunior/Developer/pc/tests/e1/avaliacao_08' OK
<end of output>
Test time =   0.23 sec
----------------------------------------------------------
Test Passed.
"e1_avaliacao_08" end time: Mar 14 20:59 -03
"e1_avaliacao_08" time elapsed: 00:00:00
----------------------------------------------------------

85/563 Testing: e1_avaliacao_09
85/563 Test: e1_avaliacao_09
Command: "/usr/bin/perl" "-I" "./tests/scripts" "./tests/scripts/tesh" "/Users/rubensrechjunior/Developer/pc/tests/e1/avaliacao_09.tesh"
Directory: /Users/rubensrechjunior/Developer/pc/build
"e1_avaliacao_09" start time: Mar 14 20:59 -03
Output:
----------------------------------------------------------
Test suite `/Users/rubensrechjunior/Developer/pc/tests/e1/avaliacao_09'
[...]
"e1_valg_076" start time: Mar 14 20:59 -03
Output:
----------------------------------------------------------
Test suite `/Users/rubensrechjunior/Developer/pc/tests/e1/valg_076'
[/Users/rubensrechjunior/Developer/pc/tests/e1/valg_076:4] ./tests/scripts/valgrindtest ./main tests/e1/entrada_076
Test suite `/Users/rubensrechjunior/Developer/pc/tests/e1/valg_076.tesh': NOK (</Users/rubensrechjunior/Developer/pc/tests/e1/valg_076.tesh:4> returned code 2)
Output of </Users/rubensrechjunior/Developer/pc/tests/e1/valg_076.tesh:4> so far:
|| [31m[1mValgrind is probably not installed (checked with 'which valgrind')
|| (B[m
(ignoring the output of </Users/rubensrechjunior/Developer/pc/tests/e1/valg_076.tesh:4> as requested)
<end of output>
Test time =   0.21 sec
----------------------------------------------------------
Test Failed.
"e1_valg_076" end time: Mar 14 20:59 -03
"e1_valg_076" time elapsed: 00:00:00
----------------------------------------------------------

170/563 Testing: e1_valgrind_00
170/563 Test: e1_valgrind_00
Command: "/usr/bin/perl" "-I" "./tests/scripts" "./tests/scripts/tesh" "/Users/rubensrechjunior/Developer/pc/tests/e1/valgrind_00.tesh"
Directory: /Users/rubensrechjunior/Developer/pc/build
"e1_valgrind_00" start time: Mar 14 20:59 -03
Output:
----------------------------------------------------------
Test suite `/Users/rubensrechjunior/Developer/pc/tests/e1/valgrind_00'
[/Users/rubensrechjunior/Developer/pc/tests/e1/valgrind_00:6] ./tests/scripts/valgrindtest ./main ./tests/e1/input/nivel0.tokens
Test suite `/Users/rubensrechjunior/Developer/pc/tests/e1/valgrind_00.tesh': NOK (</Users/rubensrechjunior/Developer/pc/tests/e1/valgrind_00.tesh:6> returned code 2)
Output of </Users/rubensrechjunior/Developer/pc/tests/e1/valgrind_00.tesh:6> so far:
|| [31m[1mValgrind is probably not installed (checked with 'which valgrind')
|| (B[m
(ignoring the output of </Users/rubensrechjunior/Developer/pc/tests/e1/valgrind_00.tesh:6> as requested)
<end of output>
Test time =   0.22 sec
----------------------------------------------------------
Test Failed.
"e1_valgrind_00" end time: Mar 14 20:59 -03
"e1_valgrind_00" time elapsed: 00:00:00
----------------------------------------------------------

171/563 Testing: e1_valgrind_01
171/563 Test: e1_valgrind_01
Command: "/usr/bin/perl" "-I" "./tests/scripts" "./tests/scripts/tesh" "/Users/rubensrechjunior/Developer/pc/tests/e1/valgrind_01.tesh"
Directory: /Users/rubensrechjunior/Developer/pc/build
"e1_valgrind_01" start time: Mar 14 20:59 -03
Output:
----------------------------------------------------------
Test suite `/Users/rubensrechjunior/Developer/pc/tests/e1/valgrind_01'
[/Users/rubensrechjunior/Developer/pc/tests/e1/valgrind_01:6] ./tests/scripts/valgrindtest ./main ./tests/e1/input/nivel1.tokens
Test suite `/Users/rubensrechjunior/Developer/pc/tests/e1/valgrind_01.tesh': NOK (</Users/rubensrechjunior/Developer/pc/tests/e1/valgrind_01.tesh:6> returned code 2)
Output of </Users/rubensrechjunior/Developer/pc/tests/e1/valgrind_01.tesh:6> so far:
|| [31m[1mValgrind is probably not installed (checked with 'which valgrind')
|| (B[m
(ignoring the output of </Users/rubensrechjunior/Developer/pc/tests/e1/valgrind_01.tesh:6> as requested)
<end of output>
Test time =   0.21 sec
----------------------------------------------------------
Test Failed.
"e1_valgrind_01" end time: Mar 14 20:59 -03
"e1_valgrind_01" time elapsed: 00:00:00
----------------------------------------------------------

172/563 Testing: e1_valgrind_02
172/563 Test: e1_valgrind_02
Command: "/usr/bin/perl" "-I" "./tests/scripts" "./tests/scripts/tesh" "/Users/rubensrechjunior/Developer/pc/tests/e1/valgrind_02.tesh"
Directory: /Users/rubensrechjunior/Developer/pc/build
"e1_valgrind_02" start time: Mar 14 20:59 -03
Output:
----------------------------------------------------------
Test suite `/Users/rubensrechjunior/Developer/pc/tests/e1/valgrind_02'
[/Users/rubensrechjunior/Developer/pc/tests/e1/valgrind_02:6] ./tests/scripts/valgrindtest ./main ./tests/e1/input/nivel2.tokens
Test suite `/Users/rubensrechjunior/Developer/pc/tests/e1/valgrind_02.tesh': NOK (</Users/rubensrechjunior/Developer/pc/tests/e1/valgrind_02.tesh:6> returned code 2)
Output of </Users/rubensrechjunior/Developer/pc/tests/e1/valgrind_02.tesh:6> so far:
|| [31m[1mValgrind is probably not installed (checked with 'which valgrind')
|| (B[m
(ignoring the output of </Users/rubensrechjunior/Developer/pc/tests/e1/valgrind_02.tesh:6> as requested)
<end of output>
Test time =   0.22 sec
----------------------------------------------------------
Test Failed.
"e1_valgrind_02" end time: Mar 14 20:59 -03
"e1_valgrind_02" time elapsed: 00:00:00
----------------------------------------------------------

173/563 Testing: e1_valgrind_03
173/563 Test: e1_valgrind_03
Command: "/usr/bin/perl" "-I" "./tests/scripts" "./tests/scripts/tesh" "/Users/rubensrechjunior/Developer/pc/tests/e1/valgrind_03.tesh"
Directory: /Users/rubensrechjunior/Developer/pc/build
"e1_valgrind_03" start time: Mar 14 20:59 -03
Output:
----------------------------------------------------------
Test suite `/Users/rubensrechjunior/Developer/pc/tests/e1/valgrind_03'
[/Users/rubensrechjunior/Developer/pc/tests/e1/valgrind_03:6] ./tests/scripts/valgrindtest ./main ./tests/e1/input/nivel3.tokens
Test suite `/Users/rubensrechjunior/Developer/pc/tests/e1/valgrind_03.tesh': NOK (</Users/rubensrechjunior/Developer/pc/tests/e1/valgrind_03.tesh:6> returned code 2)
Output of </Users/rubensrechjunior/Developer/pc/tests/e1/valgrind_03.tesh:6> so far:
|| [31m[1mValgrind is probably not installed (checked with 'which valgrind')
|| (B[m
(ignoring the output of </Users/rubensrechjunior/Developer/pc/tests/e1/valgrind_03.tesh:6> as requested)
<end of output>
Test time =   0.22 sec
----------------------------------------------------------
Test Failed.
"e1_valgrind_03" end time: Mar 14 20:59 -03
"e1_valgrind_03" time elapsed: 00:00:00
----------------------------------------------------------

174/563 Testing: e1_valgrind_05
174/563 Test: e1_valgrind_05
Command: "/usr/bin/perl" "-I" "./tests/scripts" "./tests/scripts/tesh" "/Users/rubensrechjunior/Developer/pc/tests/e1/valgrind_05.tesh"
Directory: /Users/rubensrechjunior/Developer/pc/build
"e1_valgrind_05" start time: Mar 14 20:59 -03
Output:
----------------------------------------------------------
Test suite `/Users/rubensrechjunior/Developer/pc/tests/e1/valgrind_05'
[/Users/rubensrechjunior/Developer/pc/tests/e1/valgrind_05:6] ./tests/scripts/valgrindtest ./main ./tests/e1/input/nivel5.tokens
Test suite `/Users/rubensrechjunior/Developer/pc/tests/e1/valgrind_05.tesh': NOK (</Users/rubensrechjunior/Developer/pc/tests/e1/valgrind_05.tesh:6> returned code 2)
Output of </Users/rubensrechjunior/Developer/pc/tests/e1/valgrind_05.tesh:6> so far:
|| [31m[1mValgrind is probably not installed (checked with 'which valgrind')
|| (B[m
(ignoring the output of </Users/rubensrechjunior/Developer/pc/tests/e1/valgrind_05.tesh:6> as requested)
<end of output>
Test time =   0.22 sec
----------------------------------------------------------
Test Failed.
"e1_valgrind_05" end time: Mar 14 20:59 -03
"e1_valgrind_05" time elapsed: 00:00:00
----------------------------------------------------------

175/563 Testing: e1_valgrind_06
175/563 Test: e1_valgrind_06
Command: "/usr/bin/perl" "-I" "./tests/scripts" "./tests/scripts/tesh" "/Users/rubensrechjunior/Developer/pc/tests/e1/valgrind_06.tesh"
Directory: /Users/rubensrechjunior/Developer/pc/build
"e1_valgrind_06" start time: Mar 14 20:59 -03
Output:
----------------------------------------------------------
Test suite `/Users/rubensrechjunior/Developer/pc/tests/e1/valgrind_06'
[/Users/rubensrechjunior/Developer/pc/tests/e1/valgrind_06:6] ./tests/scripts/valgrindtest ./main ./tests/e1/input/nivel6.tokens
Test suite `/Users/rubensrechjunior/Developer/pc/tests/e1/valgrind_06.tesh': NOK (</Users/rubensrechjunior/Developer/pc/tests/e1/valgrind_06.tesh:6> returned code 2)
Output of </Users/rubensrechjunior/Developer/pc/tests/e1/valgrind_06.tesh:6> so far:
|| [31m[1mValgrind is probably not installed (checked with 'which valgrind')
|| (B[m
(ignoring the output of </Users/rubensrechjunior/Developer/pc/tests/e1/valgrind_06.tesh:6> as requested)
<end of output>
Test time =   0.21 sec
----------------------------------------------------------
Test Failed.
"e1_valgrind_06" end time: Mar 14 20:59 -03
"e1_valgrind_06" time elapsed: 00:00:00
----------------------------------------------------------

176/563 Testing: e1_valgrind_07
176/563 Test: e1_valgrind_07
Command: "/usr/bin/perl" "-I" "./tests/scripts" "./tests/scripts/tesh" "/Users/rubensrechjunior/Developer/pc/tests/e1/valgrind_07.tesh"
Directory: /Users/rubensrechjunior/Developer/pc/build
"e1_valgrind_07" start time: Mar 14 20:59 -03
Output:
----------------------------------------------------------
Test suite `/Users/rubensrechjunior/Developer/pc/tests/e1/valgrind_07'
[/Users/rubensrechjunior/Developer/pc/tests/e1/valgrind_07:6] ./tests/scripts/valgrindtest ./main ./tests/e1/input/nivel7.tokens
Test suite `/Users/rubensrechjunior/Developer/pc/tests/e1/valgrind_07.tesh': NOK (</Users/rubensrechjunior/Developer/pc/tests/e1/valgrind_07.tesh:6> returned code 2)
Output of </Users/rubensrechjunior/Developer/pc/tests/e1/valgrind_07.tesh:6> so far:
|| [31m[1mValgrind is probably not installed (checked with 'which valgrind')
|| (B[m
(ignoring the output of </Users/rubensrechjunior/Developer/pc/tests/e1/valgrind_07.tesh:6> as requested)
<end of output>
Test time =   0.21 sec
----------------------------------------------------------
Test Failed.
"e1_valgrind_07" end time: Mar 14 20:59 -03
"e1_valgrind_07" time elapsed: 00:00:00
----------------------------------------------------------

177/563 Testing: e1_valgrind_08
177/563 Test: e1_valgrind_08
Command: "/usr/bin/perl" "-I" "./tests/scripts" "./tests/scripts/tesh" "/Users/rubensrechjunior/Developer/pc/tests/e1/valgrind_08.tesh"
Directory: /Users/rubensrechjunior/Developer/pc/build
"e1_valgrind_08" start time: Mar 14 20:59 -03
Output:
----------------------------------------------------------
Test suite `/Users/rubensrechjunior/Developer/pc/tests/e1/valgrind_08'
[/Users/rubensrechjunior/Developer/pc/tests/e1/valgrind_08:6] ./tests/scripts/valgrindtest ./main ./tests/e1/input/nivel8.tokens
Test suite `/Users/rubensrechjunior/Developer/pc/tests/e1/valgrind_08.tesh': NOK (</Users/rubensrechjunior/Developer/pc/tests/e1/valgrind_08.tesh:6> returned code 2)
Output of </Users/rubensrechjunior/Developer/pc/tests/e1/valgrind_08.tesh:6> so far:
|| [31m[1mValgrind is probably not installed (checked with 'which valgrind')
|| (B[m
(ignoring the output of </Users/rubensrechjunior/Developer/pc/tests/e1/valgrind_08.tesh:6> as requested)
<end of output>
Test time =   0.23 sec
----------------------------------------------------------
Test Failed.
"e1_valgrind_08" end time: Mar 14 20:59 -03
"e1_valgrind_08" time elapsed: 00:00:00
----------------------------------------------------------

178/563 Testing: e1_valgrind_09
178/563 Test: e1_valgrind_09
Command: "/usr/bin/perl" "-I" "./tests/scripts" "./tests/scripts/tesh" "/Users/rubensrechjunior/Developer/pc/tests/e1/valgrind_09.tesh"
Directory: /Users/rubensrechjunior/Developer/pc/build
"e1_valgrind_09" start time: Mar 14 20:59 -03
Output:
----------------------------------------------------------
Test suite `/Users/rubensrechjunior/Developer/pc/tests/e1/valgrind_09'
[/Users/rubensrechjunior/Developer/pc/tests/e1/valgrind_09:6] ./tests/scripts/valgrindtest ./main ./tests/e1/input/nivel9.tokens
Test suite `/Users/rubensrechjunior/Developer/pc/tests/e1/valgrind_09.tesh': NOK (</Users/rubensrechjunior/Developer/pc/tests/e1/valgrind_09.tesh:6> returned code 2)
Output of </Users/rubensrechjunior/Developer/pc/tests/e1/valgrind_09.tesh:6> so far:
|| [31m[1mValgrind is probably not installed (checked with 'which valgrind')
|| (B[m
(ignoring the output of </Users/rubensrechjunior/Developer/pc/tests/e1/valgrind_09.tesh:6> as requested)
<end of output>
Test time =   0.23 sec
----------------------------------------------------------
Test Failed.
"e1_valgrind_09" end time: Mar 14 20:59 -03
"e1_valgrind_09" time elapsed: 00:00:00
----------------------------------------------------------

179/563 Testing: e1_valgrind_10
179/563 Test: e1_valgrind_10
Command: "/usr/bin/perl" "-I" "./tests/scripts" "./tests/scripts/tesh" "/Users/rubensrechjunior/Developer/pc/tests/e1/valgrind_10.tesh"
Directory: /Users/rubensrechjunior/Developer/pc/build
"e1_valgrind_10" start time: Mar 14 20:59 -03
Output:
----------------------------------------------------------
Test suite `/Users/rubensrechjunior/Developer/pc/tests/e1/valgrind_10'
[/Users/rubensrechjunior/Developer/pc/tests/e1/valgrind_10:6] ./tests/scripts/valgrindtest ./main ./tests/e1/input/nivel10.tokens
Test suite `/Users/rubensrechjunior/Developer/pc/tests/e1/valgrind_10.tesh': NOK (</Users/rubensrechjunior/Developer/pc/tests/e1/valgrind_10.tesh:6> returned code 2)
Output of </Users/rubensrechjunior/Developer/pc/tests/e1/valgrind_10.tesh:6> so far:
|| [31m[1mValgrind is probably not installed (checked with 'which valgrind')
|| (B[m
(ignoring the output of </Users/rubensrechjunior/Developer/pc/tests/e1/valgrind_10.tesh:6> as requested)
<end of output>
Test time =   0.23 sec
----------------------------------------------------------
Test Failed.
"e1_valgrind_10" end time: Mar 14 20:59 -03
"e1_valgrind_10" time elapsed: 00:00:00
----------------------------------------------------------

180/563 Testing: e1_valgrind_11
180/563 Test: e1_valgrind_11
Command: "/usr/bin/perl" "-I" "./tests/scripts" "./tests/scripts/tesh" "/Users/rubensrechjunior/Developer/pc/tests/e1/valgrind_11.tesh"
Directory: /Users/rubensrechjunior/Developer/pc/build
"e1_valgrind_11" start time: Mar 14 20:59 -03
Output:
----------------------------------------------------------
Test suite `/Users/rubensrechjunior/Developer/pc/tests/e1/valgrind_11'
[/Users/rubensrechjunior/Developer/pc/tests/e1/valgrind_11:6] ./tests/scripts/valgrindtest ./main ./tests/e1/input/nivel11.tokens
Test suite `/Users/rubensrechjunior/Developer/pc/tests/e1/valgrind_11.tesh': NOK (</Users/rubensrechjunior/Developer/pc/tests/e1/valgrind_11.tesh:6> returned code 2)
Output of </Users/rubensrechjunior/Developer/pc/tests/e1/valgrind_11.tesh:6> so far:
|| [31m[1mValgrind is probably not installed (checked with 'which valgrind')
|| (B[m
(ignoring the output of </Users/rubensrechjunior/Developer/pc/tests/e1/valgrind_11.tesh:6> as requested)
<end of output>
Test time =   0.23 sec
----------------------------------------------------------
Test Failed.
"e1_valgrind_11" end time: Mar 14 20:59 -03
"e1_valgrind_11" time elapsed: 00:00:00
----------------------------------------------------------

181/563 Testing: e1_valgrind_12
181/563 Test: e1_valgrind_12
Command: "/usr/bin/perl" "-I" "./tests/scripts" "./tests/scripts/tesh" "/Users/rubensrechjunior/Developer/pc/tests/e1/valgrind_12.tesh"
Directory: /Users/rubensrechjunior/Developer/pc/build
"e1_valgrind_12" start time: Mar 14 20:59 -03
Output:
----------------------------------------------------------
Test suite `/Users/rubensrechjunior/Developer/pc/tests/e1/valgrind_12'
[/Users/rubensrechjunior/Developer/pc/tests/e1/valgrind_12:6] ./tests/scripts/valgrindtest ./main ./tests/e1/input/nivel12.tokens
Test suite `/Users/rubensrechjunior/Developer/pc/tests/e1/valgrind_12.tesh': NOK (</Users/rubensrechjunior/Developer/pc/tests/e1/valgrind_12.tesh:6> returned code 2)
Output of </Users/rubensrechjunior/Developer/pc/tests/e1/valgrind_12.tesh:6> so far:
|| [31m[1mValgrind is probably not installed (checked with 'which valgrind')
|| (B[m
(ignoring the output of </Users/rubensrechjunior/Developer/pc/tests/e1/valgrind_12.tesh:6> as requested)
<end of output>
Test time =   0.22 sec
----------------------------------------------------------
Test Failed.
"e1_valgrind_12" end time: Mar 14 20:59 -03
"e1_valgrind_12" time elapsed: 00:00:00
----------------------------------------------------------

182/563 Testing: e1_valgrind_13
182/563 Test: e1_valgrind_13
Command: "/usr/bin/perl" "-I" "./tests/scripts" "./tests/scripts/tesh" "/Users/rubensrechjunior/Developer/pc/tests/e1/valgrind_13.tesh"
Directory: /Users/rubensrechjunior/Developer/pc/build
"e1_valgrind_13" start time: Mar 14 20:59 -03
Output:
----------------------------------------------------------
Test suite `/Users/rubensrechjunior/Developer/pc/tests/e1/valgrind_13'
[/Users/rubensrechjunior/Developer/pc/tests/e1/valgrind_13:6] ./tests/scripts/valgrindtest ./main ./tests/e1/input/nivel13.tokens
Test suite `/Users/rubensrechjunior/Developer/pc/tests/e1/valgrind_13.tesh': NOK (</Users/rubensrechjunior/Developer/pc/tests/e1/valgrind_13.tesh:6> returned code 2)
Output of </Users/rubensrechjunior/Developer/pc/tests/e1/valgrind_13.tesh:6> so far:
|| [31m[1mValgrind is probably not installed (checked with 'which valgrind')
|| (B[m
(ignoring the output of </Users/rubensrechjunior/Developer/pc/tests/e1/valgrind_13.tesh:6> as requested)
<end of output>
Test time =   0.24 sec
----------------------------------------------------------
Test Failed.
"e1_valgrind_13" end time: Mar 14 20:59 -03
"e1_valgrind_13" time elapsed: 00:00:00
----------------------------------------------------------

183/563 Testing: e1_valgrind_14
183/563 Test: e1_valgrind_14
Command: "/usr/bin/perl" "-I" "./tests/scripts" "./tests/scripts/tesh" "/Users/rubensrechjunior/Developer/pc/tests/e1/valgrind_14.tesh"
Directory: /Users/rubensrechjunior/Developer/pc/build
"e1_valgrind_14" start time: Mar 14 20:59 -03
Output:
----------------------------------------------------------
Test suite `/Users/rubensrechjunior/Developer/pc/tests/e1/valgrind_14'
[/Users/rubensrechjunior/Developer/pc/tests/e1/valgrind_14:6] ./tests/scripts/valgrindtest ./main ./tests/e1/input/nivel14.tokens
Test suite `/Users/rubensrechjunior/Developer/pc/tests/e1/valgrind_14.tesh': NOK (</Users/rubensrechjunior/Developer/pc/tests/e1/valgrind_14.tesh:6> returned code 2)
Output of </Users/rubensrechjunior/Developer/pc/tests/e1/valgrind_14.tesh:6> so far:
|| [31m[1mValgrind is probably not installed (checked with 'which valgrind')
|| (B[m
(ignoring the output of </Users/rubensrechjunior/Developer/pc/tests/e1/valgrind_14.tesh:6> as requested)
<end of output>
Test time =   0.22 sec
----------------------------------------------------------
Test Failed.
"e1_valgrind_14" end time: Mar 14 20:59 -03
"e1_valgrind_14" time elapsed: 00:00:00
----------------------------------------------------------

184/563 Testing: e1_valgrind_15
184/563 Test: e1_valgrind_15
Command: "/usr/bin/perl" "-I" "./tests/scripts" "./tests/scripts/tesh" "/Users/rubensrechjunior/Developer/pc/tests/e1/valgrind_15.tesh"
Directory: /Users/rubensrechjunior/Developer/pc/build
"e1_valgrind_15" start time: Mar 14 20:59 -03
Output:
----------------------------------------------------------
Test suite `/Users/rubensrechjunior/Developer/pc/tests/e1/valgrind_15'
[/Users/rubensrechjunior/Developer/pc/tests/e1/valgrind_15:6] ./tests/scripts/valgrindtest ./main ./tests/e1/input/nivel15.tokens
Test suite `/Users/rubensrechjunior/Developer/pc/tests/e1/valgrind_15.tesh': NOK (</Users/rubensrechjunior/Developer/pc/tests/e1/valgrind_15.tesh:6> returned code 2)
Output of </Users/rubensrechjunior/Developer/pc/tests/e1/valgrind_15.tesh:6> so far:
|| [31m[1mValgrind is probably not installed (checked with 'which valgrind')
|| (B[m
(ignoring the output of </Users/rubensrechjunior/Developer/pc/tests/e1/valgrind_15.tesh:6> as requested)
<end of output>
Test time =   0.21 sec
----------------------------------------------------------
Test Failed.
"e1_valgrind_15" end time: Mar 14 20:59 -03
"e1_valgrind_15" time elapsed: 00:00:00
----------------------------------------------------------

End testing: Mar 14 20:59 -03
